2022-06-09 21:31:20,172 INFO o.a.j.u.JMeterUtils: Setting Locale to en_EN
2022-06-09 21:31:20,202 INFO o.a.j.JMeter: Loading user properties from: C:\apache-jmeter-5.4.3\bin\user.properties
2022-06-09 21:31:20,203 INFO o.a.j.JMeter: Loading system properties from: C:\apache-jmeter-5.4.3\bin\system.properties
2022-06-09 21:31:20,212 INFO o.a.j.JMeter: Copyright (c) 1998-2021 The Apache Software Foundation
2022-06-09 21:31:20,212 INFO o.a.j.JMeter: Version 5.4.3
2022-06-09 21:31:20,212 INFO o.a.j.JMeter: java.version=11.0.14
2022-06-09 21:31:20,212 INFO o.a.j.JMeter: java.vm.name=Java HotSpot(TM) 64-Bit Server VM
2022-06-09 21:31:20,212 INFO o.a.j.JMeter: os.name=Windows 10
2022-06-09 21:31:20,212 INFO o.a.j.JMeter: os.arch=amd64
2022-06-09 21:31:20,212 INFO o.a.j.JMeter: os.version=10.0
2022-06-09 21:31:20,213 INFO o.a.j.JMeter: file.encoding=Cp1252
2022-06-09 21:31:20,213 INFO o.a.j.JMeter: java.awt.headless=null
2022-06-09 21:31:20,213 INFO o.a.j.JMeter: Max memory     =1073741824
2022-06-09 21:31:20,213 INFO o.a.j.JMeter: Available Processors =8
2022-06-09 21:31:20,223 INFO o.a.j.JMeter: Default Locale=English (EN)
2022-06-09 21:31:20,223 INFO o.a.j.JMeter: JMeter  Locale=English (EN)
2022-06-09 21:31:20,223 INFO o.a.j.JMeter: JMeterHome=C:\apache-jmeter-5.4.3
2022-06-09 21:31:20,223 INFO o.a.j.JMeter: user.dir  =C:\Users\Vladyslav_Kliucharov\Git\Performace Test Mentoring\Task5
2022-06-09 21:31:20,224 INFO o.a.j.JMeter: PWD       =C:\Users\Vladyslav_Kliucharov\Git\Performace Test Mentoring\Task5
2022-06-09 21:31:20,225 INFO o.a.j.JMeter: IP: 192.168.0.182 Name: EPUAKHAW06A9 FullName: EPUAKHAW06A9
2022-06-09 21:31:20,452 INFO o.a.j.JMeter: Setting LAF to: laf:javax.swing.plaf.metal.MetalLookAndFeel
2022-06-09 21:31:20,616 INFO o.a.j.JMeter: Loaded icon properties from org/apache/jmeter/images/icon.properties
2022-06-09 21:31:24,340 INFO o.j.r.JARSourceHTTP: Found cached repo
2022-06-09 21:31:24,613 INFO o.j.r.PluginManager: Plugins Status: [jpgc-graphs-basic=2.0, blazemeter-debugger=0.6, jpgc-graphs-composite=2.0, jpgc-csl=0.1, jpgc-dummy=0.4, jpgc-plugins-manager=1.7, bzm-random-csv=0.8, jmeter-core=5.4.3, jmeter-ftp=5.4.3, jmeter-http=5.4.3, jmeter-jdbc=5.4.3, jmeter-jms=5.4.3, jmeter-junit=5.4.3, jmeter-java=5.4.3, jmeter-ldap=5.4.3, jmeter-mail=5.4.3, jmeter-mongodb=5.4.3, jmeter-native=5.4.3, jmeter-tcp=5.4.3, jmeter-components=5.4.3]
2022-06-09 21:31:46,350 INFO o.a.j.s.FileServer: Default base='C:\Users\Vladyslav_Kliucharov\Git\Performace Test Mentoring\Task5'
2022-06-09 21:31:46,354 INFO o.a.j.g.a.Load: Loading file: C:\Users\Vladyslav_Kliucharov\Git\Performace Test Mentoring\Task5\Editor_Script.jmx
2022-06-09 21:31:46,354 INFO o.a.j.s.FileServer: Set new base='C:\Users\Vladyslav_Kliucharov\Git\Performace Test Mentoring\Task5'
2022-06-09 21:31:46,549 INFO o.a.j.s.SaveService: Testplan (JMX) version: 2.2. Testlog (JTL) version: 2.2
2022-06-09 21:31:46,559 INFO o.a.j.s.SaveService: Using SaveService properties version 5.0
2022-06-09 21:31:46,562 INFO o.a.j.s.SaveService: Using SaveService properties file encoding UTF-8
2022-06-09 21:31:46,564 INFO o.a.j.s.SaveService: Loading file: C:\Users\Vladyslav_Kliucharov\Git\Performace Test Mentoring\Task5\Editor_Script.jmx
2022-06-09 21:31:46,942 INFO o.a.j.e.KeyToolUtils: keytool found at 'keytool'
2022-06-09 21:31:46,942 INFO o.a.j.p.h.p.ProxyControl: HTTP(S) Test Script Recorder SSL Proxy will use keys that support embedded 3rd party resources in file C:\apache-jmeter-5.4.3\bin\proxyserver.jks
2022-06-09 21:31:47,052 INFO o.a.j.s.FileServer: Set new base='C:\Users\Vladyslav_Kliucharov\Git\Performace Test Mentoring\Task5'
2022-06-09 21:31:50,498 INFO o.a.j.e.u.CompoundVariable: Note: Function class names must contain the string: '.functions.'
2022-06-09 21:31:50,498 INFO o.a.j.e.u.CompoundVariable: Note: Function class names must not contain the string: '.gui.'
2022-06-09 21:31:51,054 INFO o.a.j.p.h.p.ProxyControl: Valid alias found for :root_ca:
2022-06-09 21:31:51,055 INFO o.a.j.p.h.p.ProxyControl: Valid alias found for :intermediate_ca:
2022-06-09 21:31:51,057 INFO o.a.j.p.h.p.Daemon: Creating Daemon Socket on port: 8888
2022-06-09 21:31:51,059 INFO o.a.j.p.h.p.Daemon: Test Script Recorder up and running!
2022-06-09 21:32:16,073 INFO o.a.j.p.h.p.Daemon: HTTP(S) Test Script Recorder stopped
2022-06-09 21:32:34,920 INFO o.a.j.p.h.p.ProxyControl: Valid alias found for :root_ca:
2022-06-09 21:32:34,920 INFO o.a.j.p.h.p.ProxyControl: Valid alias found for :intermediate_ca:
2022-06-09 21:32:34,921 INFO o.a.j.p.h.p.Daemon: Creating Daemon Socket on port: 8888
2022-06-09 21:32:34,922 INFO o.a.j.p.h.p.Daemon: Test Script Recorder up and running!
2022-06-09 21:32:43,929 INFO o.a.j.p.h.p.Daemon: HTTP(S) Test Script Recorder stopped
2022-06-09 21:32:58,300 INFO o.a.j.p.h.p.ProxyControl: Valid alias found for :root_ca:
2022-06-09 21:32:58,300 INFO o.a.j.p.h.p.ProxyControl: Valid alias found for :intermediate_ca:
2022-06-09 21:32:58,300 INFO o.a.j.p.h.p.Daemon: Creating Daemon Socket on port: 8888
2022-06-09 21:32:58,301 INFO o.a.j.p.h.p.Daemon: Test Script Recorder up and running!
2022-06-09 21:33:38,319 INFO o.a.j.p.h.p.Daemon: HTTP(S) Test Script Recorder stopped
2022-06-09 21:34:42,791 INFO o.a.j.p.h.p.ProxyControl: Valid alias found for :root_ca:
2022-06-09 21:34:42,791 INFO o.a.j.p.h.p.ProxyControl: Valid alias found for :intermediate_ca:
2022-06-09 21:34:42,791 INFO o.a.j.p.h.p.Daemon: Creating Daemon Socket on port: 8888
2022-06-09 21:34:42,792 INFO o.a.j.p.h.p.Daemon: Test Script Recorder up and running!
2022-06-09 21:34:51,796 INFO o.a.j.p.h.p.Daemon: HTTP(S) Test Script Recorder stopped
2022-06-09 21:35:06,808 INFO o.a.j.p.h.p.ProxyControl: Valid alias found for :root_ca:
2022-06-09 21:35:06,809 INFO o.a.j.p.h.p.ProxyControl: Valid alias found for :intermediate_ca:
2022-06-09 21:35:06,809 INFO o.a.j.p.h.p.Daemon: Creating Daemon Socket on port: 8888
2022-06-09 21:35:06,810 INFO o.a.j.p.h.p.Daemon: Test Script Recorder up and running!
2022-06-09 21:35:23,819 INFO o.a.j.p.h.p.Daemon: HTTP(S) Test Script Recorder stopped
2022-06-09 21:39:59,209 INFO o.a.j.p.h.p.ProxyControl: Valid alias found for :root_ca:
2022-06-09 21:39:59,209 INFO o.a.j.p.h.p.ProxyControl: Valid alias found for :intermediate_ca:
2022-06-09 21:39:59,209 INFO o.a.j.p.h.p.Daemon: Creating Daemon Socket on port: 8888
2022-06-09 21:39:59,210 INFO o.a.j.p.h.p.Daemon: Test Script Recorder up and running!
2022-06-09 21:40:53,237 INFO o.a.j.p.h.p.Daemon: HTTP(S) Test Script Recorder stopped
2022-06-09 21:40:57,234 INFO o.a.j.p.h.p.ProxyControl: Valid alias found for :root_ca:
2022-06-09 21:40:57,234 INFO o.a.j.p.h.p.ProxyControl: Valid alias found for :intermediate_ca:
2022-06-09 21:40:57,234 INFO o.a.j.p.h.p.Daemon: Creating Daemon Socket on port: 8888
2022-06-09 21:40:57,235 INFO o.a.j.p.h.p.Daemon: Test Script Recorder up and running!
2022-06-09 21:41:13,244 INFO o.a.j.p.h.p.Daemon: HTTP(S) Test Script Recorder stopped
2022-06-09 21:46:11,644 INFO o.a.j.p.h.s.HTTPSamplerBase: Parser for text/html is org.apache.jmeter.protocol.http.parser.LagartoBasedHtmlParser
2022-06-09 21:46:11,644 INFO o.a.j.p.h.s.HTTPSamplerBase: Parser for application/xhtml+xml is org.apache.jmeter.protocol.http.parser.LagartoBasedHtmlParser
2022-06-09 21:46:11,644 INFO o.a.j.p.h.s.HTTPSamplerBase: Parser for application/xml is org.apache.jmeter.protocol.http.parser.LagartoBasedHtmlParser
2022-06-09 21:46:11,644 INFO o.a.j.p.h.s.HTTPSamplerBase: Parser for text/xml is org.apache.jmeter.protocol.http.parser.LagartoBasedHtmlParser
2022-06-09 21:46:11,645 INFO o.a.j.p.h.s.HTTPSamplerBase: Parser for text/vnd.wap.wml is org.apache.jmeter.protocol.http.parser.RegexpHTMLParser
2022-06-09 21:46:11,645 INFO o.a.j.p.h.s.HTTPSamplerBase: Parser for text/css is org.apache.jmeter.protocol.http.parser.CssParser
2022-06-09 21:48:03,242 INFO o.a.j.p.h.p.ProxyControl: Valid alias found for :root_ca:
2022-06-09 21:48:03,242 INFO o.a.j.p.h.p.ProxyControl: Valid alias found for :intermediate_ca:
2022-06-09 21:48:03,242 INFO o.a.j.p.h.p.Daemon: Creating Daemon Socket on port: 8888
2022-06-09 21:48:03,242 INFO o.a.j.p.h.p.Daemon: Test Script Recorder up and running!
2022-06-09 21:48:03,597 INFO o.a.j.p.h.p.Proxy: Proxy will remove the headers: If-Modified-Since,If-None-Match,Host
2022-06-09 21:48:03,602 INFO o.a.j.s.SampleResult: Note: Sample TimeStamps are START times
2022-06-09 21:48:03,602 INFO o.a.j.s.SampleResult: sampleresult.default.encoding is set to ISO-8859-1
2022-06-09 21:48:03,603 INFO o.a.j.s.SampleResult: sampleresult.useNanoTime=true
2022-06-09 21:48:03,603 INFO o.a.j.s.SampleResult: sampleresult.nanoThreadSleep=5000
2022-06-09 21:48:03,606 INFO o.a.j.p.h.p.ProxyControl: [16632]  Creating entry contile.services.mozilla.com in C:\apache-jmeter-5.4.3\bin\proxyserver.jks
2022-06-09 21:48:06,169 INFO o.a.j.p.h.s.HTTPHCAbstractImpl: Local host = EPUAKHAW06A9
2022-06-09 21:48:06,180 INFO o.a.j.p.h.s.HTTPHC4Impl: HTTP request retry count = 0
2022-06-09 21:48:06,695 INFO o.a.j.s.SampleEvent: List of sample_variables: []
2022-06-09 21:48:06,884 INFO o.a.j.p.h.p.ProxyControl: Add sample HomePage/blog-1 into controller HomePage
2022-06-09 21:48:06,921 INFO o.a.j.p.h.p.ProxyControl: Add sample HomePage/blog/scripts/syntaxhighlighter/styles/shThemeDefault.css-2 into controller HomePage
2022-06-09 21:48:06,915 ERROR o.a.j.p.h.p.Proxy: 
java.net.SocketException: Software caused connection abort: socket write error
	at java.net.SocketOutputStream.socketWrite0(Native Method) ~[?:?]
	at java.net.SocketOutputStream.socketWrite(SocketOutputStream.java:110) ~[?:?]
	at java.net.SocketOutputStream.write(SocketOutputStream.java:150) ~[?:?]
	at java.io.BufferedOutputStream.write(BufferedOutputStream.java:123) ~[?:?]
	at java.io.FilterOutputStream.write(FilterOutputStream.java:108) ~[?:?]
	at org.apache.jmeter.protocol.http.proxy.Proxy.writeToClient(Proxy.java:503) [ApacheJMeter_http.jar:5.4.3]
	at org.apache.jmeter.protocol.http.proxy.Proxy.run(Proxy.java:252) [ApacheJMeter_http.jar:5.4.3]
2022-06-09 21:48:06,928 ERROR o.a.j.p.h.p.Proxy: [16643]  Exception when processing sample
java.net.SocketException: Software caused connection abort: socket write error
	at java.net.SocketOutputStream.socketWrite0(Native Method) ~[?:?]
	at java.net.SocketOutputStream.socketWrite(SocketOutputStream.java:110) ~[?:?]
	at java.net.SocketOutputStream.write(SocketOutputStream.java:150) ~[?:?]
	at java.io.BufferedOutputStream.write(BufferedOutputStream.java:123) ~[?:?]
	at java.io.FilterOutputStream.write(FilterOutputStream.java:108) ~[?:?]
	at org.apache.jmeter.protocol.http.proxy.Proxy.writeToClient(Proxy.java:503) ~[ApacheJMeter_http.jar:5.4.3]
	at org.apache.jmeter.protocol.http.proxy.Proxy.run(Proxy.java:252) [ApacheJMeter_http.jar:5.4.3]
2022-06-09 21:48:06,928 INFO o.a.j.p.h.p.ProxyControl: Add sample HomePage/blog/scripts/syntaxhighlighter/styles/shCore.css-4 into controller HomePage
2022-06-09 21:48:06,929 WARN o.a.j.p.h.p.Proxy: [16643]  Exception while writing error
java.net.SocketException: Socket is closed
	at java.net.Socket.getOutputStream(Socket.java:961) ~[?:?]
	at org.apache.jmeter.protocol.http.proxy.Proxy.writeErrorToClient(Proxy.java:578) [ApacheJMeter_http.jar:5.4.3]
	at org.apache.jmeter.protocol.http.proxy.Proxy.run(Proxy.java:269) [ApacheJMeter_http.jar:5.4.3]
2022-06-09 21:48:06,939 INFO o.a.j.p.h.p.ProxyControl: Add sample HomePage/blog/Content/Auto/Global.css-3 into controller HomePage
2022-06-09 21:48:06,945 INFO o.a.j.p.h.p.ProxyControl: Add sample HomePage/blog/Custom/Themes/Standard/css/styles.css-6 into controller HomePage
2022-06-09 21:48:07,320 INFO o.a.j.p.h.p.ProxyControl: Add sample HomePage/avatar/52a0d313329104107aed27e651038601.jpg-5 into controller HomePage
2022-06-09 21:48:07,325 INFO o.a.j.p.h.p.ProxyControl: Add sample HomePage/blog/Content/images/blog/actions/action-delete-small-lt.png-7 into controller HomePage
2022-06-09 21:48:07,330 INFO o.a.j.p.h.p.ProxyControl: Add sample HomePage/blog/Content/images/blog/actions/action-edit-small-lt.png-9 into controller HomePage
2022-06-09 21:48:07,335 INFO o.a.j.p.h.p.ProxyControl: Add sample HomePage/blog/Content/images/blog/actions/action-tools-small-lt.png-10 into controller HomePage
2022-06-09 21:48:07,340 INFO o.a.j.p.h.p.ProxyControl: Add sample HomePage/blog/Custom/Themes/Standard/fonts/fontello.woff-8 into controller HomePage
2022-06-09 21:48:07,345 INFO o.a.j.p.h.p.ProxyControl: Add sample HomePage/blog/Content/images/blog/blogengine.ico-11 into controller HomePage
2022-06-09 21:48:10,056 INFO o.a.j.p.h.p.ProxyControl: [16658]  Creating entry d27xxe7juh1us6.cloudfront.net in C:\apache-jmeter-5.4.3\bin\proxyserver.jks
2022-06-09 21:48:10,102 INFO o.a.j.p.h.p.Proxy: [16632]  KeyStore for SSL loaded OK and put host 'contile.services.mozilla.com' in map with key (contile.services.mozilla.com)
2022-06-09 21:48:10,351 INFO o.a.j.p.h.s.h.LazyLayeredConnectionSocketFactory: Setting up HTTPS TrustAll Socket Factory
2022-06-09 21:48:10,356 INFO o.a.j.u.JsseSSLManager: Using default SSL protocol: TLS
2022-06-09 21:48:10,356 INFO o.a.j.u.JsseSSLManager: SSL session context: per-thread
2022-06-09 21:48:10,387 INFO o.a.j.u.SSLManager: JmeterKeyStore Location:  type JKS
2022-06-09 21:48:10,388 INFO o.a.j.u.SSLManager: KeyStore created OK
2022-06-09 21:48:10,389 WARN o.a.j.u.SSLManager: Keystore file not found, loading empty keystore
2022-06-09 21:48:10,746 INFO o.a.j.p.h.p.ProxyControl: Add sample HomePage/v1/tiles-12 into controller HomePage
2022-06-09 21:48:16,162 INFO o.a.j.p.h.p.ProxyControl: [16655]  Creating entry fonts.gstatic.com in C:\apache-jmeter-5.4.3\bin\proxyserver.jks
2022-06-09 21:48:16,200 INFO o.a.j.p.h.p.Proxy: [16658]  KeyStore for SSL loaded OK and put host 'd27xxe7juh1us6.cloudfront.net' in map with key (d27xxe7juh1us6.cloudfront.net)
2022-06-09 21:48:16,589 INFO o.a.j.p.h.p.ProxyControl: Add sample HomePage/browserplugin/config.json-13 into controller HomePage
2022-06-09 21:48:22,083 INFO o.a.j.p.h.p.Proxy: [16655]  KeyStore for SSL loaded OK and put host 'fonts.gstatic.com' in map with key (fonts.gstatic.com)
2022-06-09 21:48:22,096 INFO o.a.j.p.h.p.ProxyControl: [16641]  Creating entry fonts.googleapis.com in C:\apache-jmeter-5.4.3\bin\proxyserver.jks
2022-06-09 21:48:22,104 WARN o.a.j.p.h.p.Proxy: [16655]  Problem with SSL certificate for url  for 'fonts.gstatic.com'? Ensure browser is set to accept the JMeter proxy cert: Software caused connection abort: recv failed
2022-06-09 21:48:22,104 WARN o.a.j.p.h.p.Proxy: [16654]  Problem with SSL certificate for url  for 'fonts.gstatic.com'? Ensure browser is set to accept the JMeter proxy cert: Software caused connection abort: recv failed
2022-06-09 21:48:22,105 WARN o.a.j.p.h.p.Proxy: [16657]  Problem with SSL certificate for url  for 'fonts.gstatic.com'? Ensure browser is set to accept the JMeter proxy cert: Software caused connection abort: recv failed
2022-06-09 21:48:28,125 INFO o.a.j.p.h.p.ProxyControl: [16630]  Creating entry www.youtube.com in C:\apache-jmeter-5.4.3\bin\proxyserver.jks
2022-06-09 21:48:28,169 INFO o.a.j.p.h.p.Proxy: [16641]  KeyStore for SSL loaded OK and put host 'fonts.googleapis.com' in map with key (fonts.googleapis.com)
2022-06-09 21:48:28,180 WARN o.a.j.p.h.p.Proxy: [16641]  Problem with SSL certificate for url  for 'fonts.googleapis.com'? Ensure browser is set to accept the JMeter proxy cert: Software caused connection abort: socket write error
2022-06-09 21:48:30,675 INFO o.a.j.p.h.p.ProxyControl: Add sample HomePage/dynamicConfig.json-14 into controller HomePage
2022-06-09 21:48:34,071 INFO o.a.j.p.h.p.Proxy: [16630]  KeyStore for SSL loaded OK and put host 'www.youtube.com' in map with key (www.youtube.com)
2022-06-09 21:48:34,083 WARN o.a.j.p.h.p.Proxy: [16630]  Problem with SSL certificate for url  for 'www.youtube.com'? Ensure browser is set to accept the JMeter proxy cert: Software caused connection abort: socket write error
2022-06-09 21:48:37,919 INFO o.a.j.p.h.p.ProxyControl: Add sample HomePage/api/stats/watchtime-15 into controller HomePage
2022-06-09 21:48:54,974 ERROR o.a.j.p.h.p.Proxy: 
java.net.SocketException: Software caused connection abort: socket write error
	at java.net.SocketOutputStream.socketWrite0(Native Method) ~[?:?]
	at java.net.SocketOutputStream.socketWrite(SocketOutputStream.java:110) ~[?:?]
	at java.net.SocketOutputStream.write(SocketOutputStream.java:150) ~[?:?]
	at java.io.BufferedOutputStream.write(BufferedOutputStream.java:123) ~[?:?]
	at java.io.FilterOutputStream.write(FilterOutputStream.java:108) ~[?:?]
	at org.apache.jmeter.protocol.http.proxy.Proxy.writeToClient(Proxy.java:503) [ApacheJMeter_http.jar:5.4.3]
	at org.apache.jmeter.protocol.http.proxy.Proxy.run(Proxy.java:252) [ApacheJMeter_http.jar:5.4.3]
2022-06-09 21:48:54,980 ERROR o.a.j.p.h.p.Proxy: [16700]  Exception when processing sample
java.net.SocketException: Software caused connection abort: socket write error
	at java.net.SocketOutputStream.socketWrite0(Native Method) ~[?:?]
	at java.net.SocketOutputStream.socketWrite(SocketOutputStream.java:110) ~[?:?]
	at java.net.SocketOutputStream.write(SocketOutputStream.java:150) ~[?:?]
	at java.io.BufferedOutputStream.write(BufferedOutputStream.java:123) ~[?:?]
	at java.io.FilterOutputStream.write(FilterOutputStream.java:108) ~[?:?]
	at org.apache.jmeter.protocol.http.proxy.Proxy.writeToClient(Proxy.java:503) ~[ApacheJMeter_http.jar:5.4.3]
	at org.apache.jmeter.protocol.http.proxy.Proxy.run(Proxy.java:252) [ApacheJMeter_http.jar:5.4.3]
2022-06-09 21:48:54,981 WARN o.a.j.p.h.p.Proxy: [16700]  Exception while writing error
java.net.SocketException: Socket is closed
	at java.net.Socket.getOutputStream(Socket.java:961) ~[?:?]
	at org.apache.jmeter.protocol.http.proxy.Proxy.writeErrorToClient(Proxy.java:578) [ApacheJMeter_http.jar:5.4.3]
	at org.apache.jmeter.protocol.http.proxy.Proxy.run(Proxy.java:269) [ApacheJMeter_http.jar:5.4.3]
2022-06-09 21:48:55,002 ERROR o.a.j.p.h.p.Proxy: 
java.net.SocketException: Software caused connection abort: socket write error
	at java.net.SocketOutputStream.socketWrite0(Native Method) ~[?:?]
	at java.net.SocketOutputStream.socketWrite(SocketOutputStream.java:110) ~[?:?]
	at java.net.SocketOutputStream.write(SocketOutputStream.java:150) ~[?:?]
	at java.io.BufferedOutputStream.write(BufferedOutputStream.java:123) ~[?:?]
	at java.io.FilterOutputStream.write(FilterOutputStream.java:108) ~[?:?]
	at org.apache.jmeter.protocol.http.proxy.Proxy.writeToClient(Proxy.java:503) [ApacheJMeter_http.jar:5.4.3]
	at org.apache.jmeter.protocol.http.proxy.Proxy.run(Proxy.java:252) [ApacheJMeter_http.jar:5.4.3]
2022-06-09 21:48:55,003 ERROR o.a.j.p.h.p.Proxy: [16696]  Exception when processing sample
java.net.SocketException: Software caused connection abort: socket write error
	at java.net.SocketOutputStream.socketWrite0(Native Method) ~[?:?]
	at java.net.SocketOutputStream.socketWrite(SocketOutputStream.java:110) ~[?:?]
	at java.net.SocketOutputStream.write(SocketOutputStream.java:150) ~[?:?]
	at java.io.BufferedOutputStream.write(BufferedOutputStream.java:123) ~[?:?]
	at java.io.FilterOutputStream.write(FilterOutputStream.java:108) ~[?:?]
	at org.apache.jmeter.protocol.http.proxy.Proxy.writeToClient(Proxy.java:503) ~[ApacheJMeter_http.jar:5.4.3]
	at org.apache.jmeter.protocol.http.proxy.Proxy.run(Proxy.java:252) [ApacheJMeter_http.jar:5.4.3]
2022-06-09 21:48:55,004 WARN o.a.j.p.h.p.Proxy: [16696]  Exception while writing error
java.net.SocketException: Socket is closed
	at java.net.Socket.getOutputStream(Socket.java:961) ~[?:?]
	at org.apache.jmeter.protocol.http.proxy.Proxy.writeErrorToClient(Proxy.java:578) [ApacheJMeter_http.jar:5.4.3]
	at org.apache.jmeter.protocol.http.proxy.Proxy.run(Proxy.java:269) [ApacheJMeter_http.jar:5.4.3]
2022-06-09 21:48:55,017 INFO o.a.j.p.h.p.ProxyControl: Add sample Login/blog/admin/-16 into controller Login
2022-06-09 21:48:55,025 INFO o.a.j.p.h.p.ProxyControl: Add sample Login/blog/Content/images/blog/noavatar.jpg-19 into controller Login
2022-06-09 21:48:55,027 INFO o.a.j.p.h.p.ProxyControl: Add sample Login/blog/admin/themes/standard/img/logo-sidebar.png-17 into controller Login
2022-06-09 21:48:55,029 ERROR o.a.j.p.h.p.Proxy: 
java.net.SocketException: Software caused connection abort: socket write error
	at java.net.SocketOutputStream.socketWrite0(Native Method) ~[?:?]
	at java.net.SocketOutputStream.socketWrite(SocketOutputStream.java:110) ~[?:?]
	at java.net.SocketOutputStream.write(SocketOutputStream.java:150) ~[?:?]
	at java.io.BufferedOutputStream.write(BufferedOutputStream.java:123) ~[?:?]
	at java.io.FilterOutputStream.write(FilterOutputStream.java:108) ~[?:?]
	at org.apache.jmeter.protocol.http.proxy.Proxy.writeToClient(Proxy.java:503) [ApacheJMeter_http.jar:5.4.3]
	at org.apache.jmeter.protocol.http.proxy.Proxy.run(Proxy.java:252) [ApacheJMeter_http.jar:5.4.3]
2022-06-09 21:48:55,029 ERROR o.a.j.p.h.p.Proxy: [16697]  Exception when processing sample
java.net.SocketException: Software caused connection abort: socket write error
	at java.net.SocketOutputStream.socketWrite0(Native Method) ~[?:?]
	at java.net.SocketOutputStream.socketWrite(SocketOutputStream.java:110) ~[?:?]
	at java.net.SocketOutputStream.write(SocketOutputStream.java:150) ~[?:?]
	at java.io.BufferedOutputStream.write(BufferedOutputStream.java:123) ~[?:?]
	at java.io.FilterOutputStream.write(FilterOutputStream.java:108) ~[?:?]
	at org.apache.jmeter.protocol.http.proxy.Proxy.writeToClient(Proxy.java:503) ~[ApacheJMeter_http.jar:5.4.3]
	at org.apache.jmeter.protocol.http.proxy.Proxy.run(Proxy.java:252) [ApacheJMeter_http.jar:5.4.3]
2022-06-09 21:48:55,030 WARN o.a.j.p.h.p.Proxy: [16697]  Exception while writing error
java.net.SocketException: Socket is closed
	at java.net.Socket.getOutputStream(Socket.java:961) ~[?:?]
	at org.apache.jmeter.protocol.http.proxy.Proxy.writeErrorToClient(Proxy.java:578) [ApacheJMeter_http.jar:5.4.3]
	at org.apache.jmeter.protocol.http.proxy.Proxy.run(Proxy.java:269) [ApacheJMeter_http.jar:5.4.3]
2022-06-09 21:48:55,032 INFO o.a.j.p.h.p.ProxyControl: Add sample Login/blog/admin/themes/standard/css/styles.css-21 into controller Login
2022-06-09 21:48:55,038 INFO o.a.j.p.h.p.ProxyControl: Add sample Login/blog/Content/admincss-20 into controller Login
2022-06-09 21:48:55,042 INFO o.a.j.p.h.p.ProxyControl: Add sample Login/blog/fonts/fontawesome-webfont.woff2-22 into controller Login
2022-06-09 21:48:55,179 ERROR o.a.j.p.h.p.Proxy: 
java.net.SocketException: Software caused connection abort: socket write error
	at java.net.SocketOutputStream.socketWrite0(Native Method) ~[?:?]
	at java.net.SocketOutputStream.socketWrite(SocketOutputStream.java:110) ~[?:?]
	at java.net.SocketOutputStream.write(SocketOutputStream.java:150) ~[?:?]
	at java.io.BufferedOutputStream.write(BufferedOutputStream.java:123) ~[?:?]
	at java.io.FilterOutputStream.write(FilterOutputStream.java:108) ~[?:?]
	at org.apache.jmeter.protocol.http.proxy.Proxy.writeToClient(Proxy.java:503) [ApacheJMeter_http.jar:5.4.3]
	at org.apache.jmeter.protocol.http.proxy.Proxy.run(Proxy.java:252) [ApacheJMeter_http.jar:5.4.3]
2022-06-09 21:48:55,180 ERROR o.a.j.p.h.p.Proxy: [16713]  Exception when processing sample
java.net.SocketException: Software caused connection abort: socket write error
	at java.net.SocketOutputStream.socketWrite0(Native Method) ~[?:?]
	at java.net.SocketOutputStream.socketWrite(SocketOutputStream.java:110) ~[?:?]
	at java.net.SocketOutputStream.write(SocketOutputStream.java:150) ~[?:?]
	at java.io.BufferedOutputStream.write(BufferedOutputStream.java:123) ~[?:?]
	at java.io.FilterOutputStream.write(FilterOutputStream.java:108) ~[?:?]
	at org.apache.jmeter.protocol.http.proxy.Proxy.writeToClient(Proxy.java:503) ~[ApacheJMeter_http.jar:5.4.3]
	at org.apache.jmeter.protocol.http.proxy.Proxy.run(Proxy.java:252) [ApacheJMeter_http.jar:5.4.3]
2022-06-09 21:48:55,180 WARN o.a.j.p.h.p.Proxy: [16713]  Exception while writing error
java.net.SocketException: Socket is closed
	at java.net.Socket.getOutputStream(Socket.java:961) ~[?:?]
	at org.apache.jmeter.protocol.http.proxy.Proxy.writeErrorToClient(Proxy.java:578) [ApacheJMeter_http.jar:5.4.3]
	at org.apache.jmeter.protocol.http.proxy.Proxy.run(Proxy.java:269) [ApacheJMeter_http.jar:5.4.3]
2022-06-09 21:48:55,228 INFO o.a.j.p.h.p.ProxyControl: Add sample Login/blog/admin/app/dashboard/dashboardView.html-25 into controller Login
2022-06-09 21:48:55,430 INFO o.a.j.p.h.p.ProxyControl: Add sample Login/blog/Content/Images/blog/pkg.png-26 into controller Login
2022-06-09 21:48:55,433 INFO o.a.j.p.h.p.ProxyControl: Add sample Login/css-18 into controller Login
2022-06-09 21:48:55,464 ERROR o.a.j.p.h.p.Proxy: 
java.net.SocketException: Software caused connection abort: socket write error
	at java.net.SocketOutputStream.socketWrite0(Native Method) ~[?:?]
	at java.net.SocketOutputStream.socketWrite(SocketOutputStream.java:110) ~[?:?]
	at java.net.SocketOutputStream.write(SocketOutputStream.java:150) ~[?:?]
	at java.io.BufferedOutputStream.write(BufferedOutputStream.java:123) ~[?:?]
	at java.io.FilterOutputStream.write(FilterOutputStream.java:108) ~[?:?]
	at org.apache.jmeter.protocol.http.proxy.Proxy.writeToClient(Proxy.java:503) [ApacheJMeter_http.jar:5.4.3]
	at org.apache.jmeter.protocol.http.proxy.Proxy.run(Proxy.java:252) [ApacheJMeter_http.jar:5.4.3]
2022-06-09 21:48:55,465 ERROR o.a.j.p.h.p.Proxy: [16707]  Exception when processing sample
java.net.SocketException: Software caused connection abort: socket write error
	at java.net.SocketOutputStream.socketWrite0(Native Method) ~[?:?]
	at java.net.SocketOutputStream.socketWrite(SocketOutputStream.java:110) ~[?:?]
	at java.net.SocketOutputStream.write(SocketOutputStream.java:150) ~[?:?]
	at java.io.BufferedOutputStream.write(BufferedOutputStream.java:123) ~[?:?]
	at java.io.FilterOutputStream.write(FilterOutputStream.java:108) ~[?:?]
	at org.apache.jmeter.protocol.http.proxy.Proxy.writeToClient(Proxy.java:503) ~[ApacheJMeter_http.jar:5.4.3]
	at org.apache.jmeter.protocol.http.proxy.Proxy.run(Proxy.java:252) [ApacheJMeter_http.jar:5.4.3]
2022-06-09 21:48:55,466 WARN o.a.j.p.h.p.Proxy: [16707]  Exception while writing error
java.net.SocketException: Socket is closed
	at java.net.Socket.getOutputStream(Socket.java:961) ~[?:?]
	at org.apache.jmeter.protocol.http.proxy.Proxy.writeErrorToClient(Proxy.java:578) [ApacheJMeter_http.jar:5.4.3]
	at org.apache.jmeter.protocol.http.proxy.Proxy.run(Proxy.java:269) [ApacheJMeter_http.jar:5.4.3]
2022-06-09 21:48:55,470 ERROR o.a.j.p.h.p.Proxy: 
java.net.SocketException: Software caused connection abort: socket write error
	at java.net.SocketOutputStream.socketWrite0(Native Method) ~[?:?]
	at java.net.SocketOutputStream.socketWrite(SocketOutputStream.java:110) ~[?:?]
	at java.net.SocketOutputStream.write(SocketOutputStream.java:150) ~[?:?]
	at java.io.BufferedOutputStream.write(BufferedOutputStream.java:123) ~[?:?]
	at java.io.FilterOutputStream.write(FilterOutputStream.java:108) ~[?:?]
	at org.apache.jmeter.protocol.http.proxy.Proxy.writeToClient(Proxy.java:503) [ApacheJMeter_http.jar:5.4.3]
	at org.apache.jmeter.protocol.http.proxy.Proxy.run(Proxy.java:252) [ApacheJMeter_http.jar:5.4.3]
2022-06-09 21:48:55,471 ERROR o.a.j.p.h.p.Proxy: [16706]  Exception when processing sample
java.net.SocketException: Software caused connection abort: socket write error
	at java.net.SocketOutputStream.socketWrite0(Native Method) ~[?:?]
	at java.net.SocketOutputStream.socketWrite(SocketOutputStream.java:110) ~[?:?]
	at java.net.SocketOutputStream.write(SocketOutputStream.java:150) ~[?:?]
	at java.io.BufferedOutputStream.write(BufferedOutputStream.java:123) ~[?:?]
	at java.io.FilterOutputStream.write(FilterOutputStream.java:108) ~[?:?]
	at org.apache.jmeter.protocol.http.proxy.Proxy.writeToClient(Proxy.java:503) ~[ApacheJMeter_http.jar:5.4.3]
	at org.apache.jmeter.protocol.http.proxy.Proxy.run(Proxy.java:252) [ApacheJMeter_http.jar:5.4.3]
2022-06-09 21:48:55,471 WARN o.a.j.p.h.p.Proxy: [16706]  Exception while writing error
java.net.SocketException: Socket is closed
	at java.net.Socket.getOutputStream(Socket.java:961) ~[?:?]
	at org.apache.jmeter.protocol.http.proxy.Proxy.writeErrorToClient(Proxy.java:578) [ApacheJMeter_http.jar:5.4.3]
	at org.apache.jmeter.protocol.http.proxy.Proxy.run(Proxy.java:269) [ApacheJMeter_http.jar:5.4.3]
2022-06-09 21:48:55,631 INFO o.a.j.p.h.p.ProxyControl: Add sample Login/s/roboto/v30/KFOmCnqEu92Fr1Mu4mxK.woff2-23 into controller Login
2022-06-09 21:48:55,637 INFO o.a.j.p.h.p.ProxyControl: Add sample Login/s/roboto/v30/KFOlCnqEu92Fr1MmEU9fBBc4.woff2-24 into controller Login
2022-06-09 21:48:56,437 INFO o.a.j.p.h.p.ProxyControl: Add sample Login/blog/api/packages-28 into controller Login
2022-06-09 21:48:56,445 INFO o.a.j.p.h.p.ProxyControl: Add sample Login/blog/api/dashboard-27 into controller Login
2022-06-09 21:48:56,639 INFO o.a.j.p.h.p.ProxyControl: Add sample Login/blog/api/setup-30 into controller Login
2022-06-09 21:48:57,845 INFO o.a.j.p.h.p.ProxyControl: Add sample Login/blog/api/newsfeed-29 into controller Login
2022-06-09 21:48:58,247 INFO o.a.j.p.h.p.ProxyControl: Add sample Login/blog/Account/login.aspx-31 into controller Login
2022-06-09 21:48:58,252 INFO o.a.j.p.h.p.ProxyControl: Add sample Login/blog/-33 into controller Login
2022-06-09 21:48:58,257 INFO o.a.j.p.h.p.ProxyControl: Add sample Login/canonical.html-32 into controller Login
2022-06-09 21:48:58,447 INFO o.a.j.p.h.p.ProxyControl: Add sample Login/success.txt-34 into controller Login
2022-06-09 21:48:58,452 INFO o.a.j.p.h.p.ProxyControl: Add sample Login/success.txt-35 into controller Login
2022-06-09 21:49:01,311 INFO o.a.j.p.h.p.Daemon: HTTP(S) Test Script Recorder stopped
2022-06-09 21:49:27,484 INFO o.a.j.p.h.p.ProxyControl: Valid alias found for :root_ca:
2022-06-09 21:49:27,485 INFO o.a.j.p.h.p.ProxyControl: Valid alias found for :intermediate_ca:
2022-06-09 21:49:27,485 INFO o.a.j.p.h.p.Daemon: Creating Daemon Socket on port: 8888
2022-06-09 21:49:27,485 INFO o.a.j.p.h.p.Daemon: Test Script Recorder up and running!
2022-06-09 21:49:30,103 INFO o.a.j.p.h.p.ProxyControl: Add sample Login/blog/-36 into controller Login
2022-06-09 21:49:36,341 INFO o.a.j.p.h.p.ProxyControl: Add sample Login/blog/Account/login.aspx-37 into controller Login
2022-06-09 21:49:36,543 INFO o.a.j.p.h.p.ProxyControl: Add sample Login/blog/Content/images/blog/logo.png-40 into controller Login
2022-06-09 21:49:36,548 INFO o.a.j.p.h.p.ProxyControl: Add sample Login/blog/Account/account.css-39 into controller Login
2022-06-09 21:49:36,744 INFO o.a.j.p.h.p.ProxyControl: Add sample Login/css-38 into controller Login
2022-06-09 21:49:37,147 INFO o.a.j.p.h.p.ProxyControl: Add sample Login/favicon.ico-41 into controller Login
2022-06-09 21:49:39,760 INFO o.a.j.p.h.p.ProxyControl: Add sample Login/blog/Account/login.aspx-42 into controller Login
2022-06-09 21:49:39,766 INFO o.a.j.p.h.p.ProxyControl: Add sample Login/blog/-44 into controller Login
2022-06-09 21:49:39,770 INFO o.a.j.p.h.p.ProxyControl: Add sample Login/canonical.html-43 into controller Login
2022-06-09 21:49:39,961 INFO o.a.j.p.h.p.ProxyControl: Add sample Login/success.txt-45 into controller Login
2022-06-09 21:49:39,965 INFO o.a.j.p.h.p.ProxyControl: Add sample Login/success.txt-46 into controller Login
2022-06-09 21:50:42,923 INFO o.a.j.p.h.p.ProxyControl: Add sample Dates/blog/2022/06/10/default-47 into controller Dates
2022-06-09 21:51:00,923 INFO o.a.j.p.h.p.ProxyControl: [16890]  Creating entry safebrowsing.googleapis.com in C:\apache-jmeter-5.4.3\bin\proxyserver.jks
2022-06-09 21:51:02,649 INFO o.a.j.p.h.p.ProxyControl: Add sample RandomDates/blog/post/Post831-48 into controller RandomDates
2022-06-09 21:51:02,850 INFO o.a.j.p.h.p.ProxyControl: Add sample RandomDates/blog/Content/images/blog/ajax-loader.gif-49 into controller RandomDates
2022-06-09 21:51:03,051 INFO o.a.j.p.h.p.ProxyControl: Add sample RandomDates/blog/Content/images/blog/star_small.gif-50 into controller RandomDates
2022-06-09 21:51:07,012 INFO o.a.j.p.h.p.Proxy: [16890]  KeyStore for SSL loaded OK and put host 'safebrowsing.googleapis.com' in map with key (safebrowsing.googleapis.com)
2022-06-09 21:51:07,481 INFO o.a.j.p.h.p.ProxyControl: Add sample RandomDates/v4/threatListUpdates:fetch-51 into controller RandomDates
2022-06-09 21:51:23,573 INFO o.a.j.p.h.p.ProxyControl: Add sample Edit/blog/Content/images/blog/actions/action-delete-small.png-52 into controller Edit
2022-06-09 21:51:23,773 INFO o.a.j.p.h.p.ProxyControl: Add sample Edit/blog/Content/images/blog/actions/action-edit-small.png-53 into controller Edit
2022-06-09 21:51:23,777 INFO o.a.j.p.h.p.ProxyControl: Add sample Edit/blog/Content/images/blog/actions/action-tools-small.png-54 into controller Edit
2022-06-09 21:51:48,921 INFO o.a.j.p.h.p.ProxyControl: Add sample Edit/blog/admin/app/editor/editpost.cshtml-55 into controller Edit
2022-06-09 21:51:49,122 INFO o.a.j.p.h.p.ProxyControl: Add sample Edit/blog/scripts/wysiwyg-59 into controller Edit
2022-06-09 21:51:49,126 INFO o.a.j.p.h.p.ProxyControl: Add sample Edit/blog/admin/editors/tinymce/editor.js-57 into controller Edit
2022-06-09 21:51:49,129 INFO o.a.j.p.h.p.ProxyControl: Add sample Edit/blog/admin/editors/tinymce/tinymce.min.js-56 into controller Edit
2022-06-09 21:51:49,133 INFO o.a.j.p.h.p.ProxyControl: Add sample Edit/blog/admin/app/editor/admin.res.axd-58 into controller Edit
2022-06-09 21:51:49,526 INFO o.a.j.p.h.p.ProxyControl: Add sample Edit/blog/api/lookups-60 into controller Edit
2022-06-09 21:51:49,529 INFO o.a.j.p.h.p.ProxyControl: Add sample Edit/blog/admin/editors/tinymce/themes/modern/theme.min.js-61 into controller Edit
2022-06-09 21:51:49,534 INFO o.a.j.p.h.p.ProxyControl: Add sample Edit/blog/admin/editors/tinymce/plugins/autolink/plugin.min.js-63 into controller Edit
2022-06-09 21:51:49,541 INFO o.a.j.p.h.p.ProxyControl: Add sample Edit/blog/admin/editors/tinymce/plugins/advlist/plugin.min.js-62 into controller Edit
2022-06-09 21:51:49,545 INFO o.a.j.p.h.p.ProxyControl: Add sample Edit/blog/admin/editors/tinymce/plugins/link/plugin.min.js-65 into controller Edit
2022-06-09 21:51:49,548 INFO o.a.j.p.h.p.ProxyControl: Add sample Edit/blog/admin/editors/tinymce/plugins/lists/plugin.min.js-64 into controller Edit
2022-06-09 21:51:49,552 INFO o.a.j.p.h.p.ProxyControl: Add sample Edit/blog/admin/editors/tinymce/plugins/print/plugin.min.js-69 into controller Edit
2022-06-09 21:51:49,555 INFO o.a.j.p.h.p.ProxyControl: Add sample Edit/blog/admin/editors/tinymce/plugins/image/plugin.min.js-66 into controller Edit
2022-06-09 21:51:49,558 INFO o.a.j.p.h.p.ProxyControl: Add sample Edit/blog/admin/editors/tinymce/plugins/searchreplace/plugin.min.js-70 into controller Edit
2022-06-09 21:51:49,562 INFO o.a.j.p.h.p.ProxyControl: Add sample Edit/blog/admin/editors/tinymce/plugins/anchor/plugin.min.js-71 into controller Edit
2022-06-09 21:51:49,571 INFO o.a.j.p.h.p.ProxyControl: Add sample Edit/blog/admin/editors/tinymce/plugins/textcolor/plugin.min.js-74 into controller Edit
2022-06-09 21:51:49,575 INFO o.a.j.p.h.p.ProxyControl: Add sample Edit/blog/admin/editors/tinymce/plugins/charmap/plugin.min.js-67 into controller Edit
2022-06-09 21:51:49,579 INFO o.a.j.p.h.p.ProxyControl: Add sample Edit/blog/admin/editors/tinymce/plugins/visualblocks/plugin.min.js-68 into controller Edit
2022-06-09 21:51:49,581 INFO o.a.j.p.h.p.ProxyControl: Add sample Edit/blog/admin/editors/tinymce/plugins/preview/plugin.min.js-72 into controller Edit
2022-06-09 21:51:49,727 INFO o.a.j.p.h.p.ProxyControl: Add sample Edit/blog/admin/editors/tinymce/plugins/fullscreen/plugin.min.js-75 into controller Edit
2022-06-09 21:51:49,730 INFO o.a.j.p.h.p.ProxyControl: Add sample Edit/blog/admin/editors/tinymce/plugins/code/plugin.min.js-73 into controller Edit
2022-06-09 21:51:49,733 INFO o.a.j.p.h.p.ProxyControl: Add sample Edit/blog/admin/editors/tinymce/plugins/paste/plugin.min.js-81 into controller Edit
2022-06-09 21:51:49,736 INFO o.a.j.p.h.p.ProxyControl: Add sample Edit/blog/admin/editors/tinymce/plugins/imagetools/plugin.min.js-76 into controller Edit
2022-06-09 21:51:49,740 INFO o.a.j.p.h.p.ProxyControl: Add sample Edit/blog/admin/editors/tinymce/plugins/contextmenu/plugin.min.js-80 into controller Edit
2022-06-09 21:51:49,744 INFO o.a.j.p.h.p.ProxyControl: Add sample Edit/blog/admin/editors/tinymce/plugins/filemanager/plugin.min.js-79 into controller Edit
2022-06-09 21:51:49,747 INFO o.a.j.p.h.p.ProxyControl: Add sample Edit/blog/admin/editors/tinymce/plugins/insertdatetime/plugin.min.js-82 into controller Edit
2022-06-09 21:51:49,753 INFO o.a.j.p.h.p.ProxyControl: Add sample Edit/blog/admin/editors/tinymce/plugins/media/plugin.min.js-77 into controller Edit
2022-06-09 21:51:49,756 INFO o.a.j.p.h.p.ProxyControl: Add sample Edit/blog/admin/editors/tinymce/plugins/sh4tinymce/plugin.min.js-83 into controller Edit
2022-06-09 21:51:49,758 INFO o.a.j.p.h.p.ProxyControl: Add sample Edit/blog/admin/editors/tinymce/plugins/table/plugin.min.js-78 into controller Edit
2022-06-09 21:51:49,763 INFO o.a.j.p.h.p.ProxyControl: Add sample Edit/blog/admin/editors/tinymce/plugins/sh4tinymce/langs/en.js-84 into controller Edit
2022-06-09 21:51:49,766 INFO o.a.j.p.h.p.ProxyControl: Add sample Edit/blog/admin/editors/tinymce/plugins/sh4tinymce/style/style.css-85 into controller Edit
2022-06-09 21:51:49,770 INFO o.a.j.p.h.p.ProxyControl: Add sample Edit/blog/admin/editors/tinymce/skins/lightgray/skin.min.css-86 into controller Edit
2022-06-09 21:51:49,774 INFO o.a.j.p.h.p.ProxyControl: Add sample Edit/blog/admin/editors/tinymce/skins/lightgray/content.min.css-87 into controller Edit
2022-06-09 21:51:49,928 INFO o.a.j.p.h.p.ProxyControl: Add sample Edit/blog/admin/editors/tinymce/plugins/sh4tinymce/fonts/sh4tinymce.woff-88 into controller Edit
2022-06-09 21:51:49,932 INFO o.a.j.p.h.p.ProxyControl: Add sample Edit/blog/admin/editors/tinymce/skins/lightgray/fonts/tinymce.woff-89 into controller Edit
2022-06-09 21:51:50,129 INFO o.a.j.p.h.p.ProxyControl: Add sample Edit/blog/api/tags-90 into controller Edit
2022-06-09 21:51:50,331 INFO o.a.j.p.h.p.ProxyControl: Add sample Edit/blog/api/posts/54931a5e-b819-4b96-a253-98b49ac23d4f-91 into controller Edit
2022-06-09 21:51:50,334 INFO o.a.j.p.h.p.ProxyControl: Add sample Edit/blog/api/customfields-93 into controller Edit
2022-06-09 21:51:50,338 INFO o.a.j.p.h.p.ProxyControl: Add sample Edit/blog/api/customfields-92 into controller Edit
2022-06-09 21:51:50,643 INFO o.a.j.p.h.p.ProxyControl: [17003]  Creating entry femetrics.grammarly.io in C:\apache-jmeter-5.4.3\bin\proxyserver.jks
2022-06-09 21:51:56,769 INFO o.a.j.p.h.p.Proxy: [17003]  KeyStore for SSL loaded OK and put host 'femetrics.grammarly.io' in map with key (femetrics.grammarly.io)
2022-06-09 21:51:57,987 INFO o.a.j.p.h.p.ProxyControl: Add sample Edit/batch/import-94 into controller Edit
2022-06-09 21:52:01,338 INFO o.a.j.p.h.p.ProxyControl: [17010]  Creating entry capi.grammarly.com in C:\apache-jmeter-5.4.3\bin\proxyserver.jks
2022-06-09 21:52:07,297 INFO o.a.j.p.h.p.Proxy: [17010]  KeyStore for SSL loaded OK and put host 'capi.grammarly.com' in map with key (capi.grammarly.com)
2022-06-09 21:52:21,526 INFO o.a.j.p.h.p.ProxyControl: Add sample Edit/blog/api/posts/update/foo-96 into controller Edit
2022-06-09 21:52:21,537 INFO o.a.j.p.h.p.ProxyControl: Add sample Edit/blog/api/posts/54931a5e-b819-4b96-a253-98b49ac23d4f-98 into controller Edit
2022-06-09 21:52:21,539 INFO o.a.j.p.h.p.ProxyControl: Add sample Edit/blog/api/customfields-97 into controller Edit
2022-06-09 21:52:50,650 INFO o.a.j.p.h.p.ProxyControl: [17046]  Creating entry f-log-extension.grammarly.io in C:\apache-jmeter-5.4.3\bin\proxyserver.jks
2022-06-09 21:52:54,514 INFO o.a.j.p.h.p.ProxyControl: Add sample Edit/api/stats/watchtime-101 into controller Edit
2022-06-09 21:52:56,521 INFO o.a.j.p.h.p.Proxy: [17046]  KeyStore for SSL loaded OK and put host 'f-log-extension.grammarly.io' in map with key (f-log-extension.grammarly.io)
2022-06-09 21:52:57,331 INFO o.a.j.p.h.p.ProxyControl: Add sample Edit/logv2-102 into controller Edit
2022-06-09 21:52:57,334 INFO o.a.j.p.h.p.ProxyControl: Add sample Edit/logv2-103 into controller Edit
2022-06-09 21:53:01,958 INFO o.a.j.p.h.p.ProxyControl: Add sample Edit/logv2-104 into controller Edit
2022-06-09 21:53:24,876 INFO o.a.j.p.h.p.ProxyControl: Add sample Logout/blog/Account/login.aspx-106 into controller Logout
2022-06-09 21:53:25,077 INFO o.a.j.p.h.p.ProxyControl: Add sample Logout/blog/-108 into controller Logout
2022-06-09 21:53:25,279 INFO o.a.j.p.h.p.ProxyControl: Add sample Logout/canonical.html-107 into controller Logout
2022-06-09 21:53:25,284 INFO o.a.j.p.h.p.ProxyControl: Add sample Logout/success.txt-110 into controller Logout
2022-06-09 21:53:25,289 INFO o.a.j.p.h.p.ProxyControl: Add sample Logout/success.txt-109 into controller Logout
2022-06-09 21:53:25,483 INFO o.a.j.p.h.p.ProxyControl: Add sample Logout/avatar/52a0d313329104107aed27e651038601.jpg-111 into controller Logout
2022-06-09 21:53:28,194 INFO o.a.j.p.h.p.Daemon: HTTP(S) Test Script Recorder stopped
2022-06-09 21:55:40,993 INFO o.a.j.v.ViewResultsFullVisualizer: Add JavaFX to your Java installation if you want to use renderer: org.apache.jmeter.visualizers.RenderInBrowser
2022-06-09 21:55:45,805 INFO o.a.j.e.StandardJMeterEngine: Running the test!
2022-06-09 21:55:45,807 INFO o.a.j.s.SampleEvent: List of sample_variables: []
2022-06-09 21:55:45,822 INFO o.a.j.g.u.JMeterMenuBar: setRunning(true, *local*)
2022-06-09 21:55:45,913 INFO o.a.j.e.StandardJMeterEngine: Starting ThreadGroup: 1 : Thread Group
2022-06-09 21:55:45,913 INFO o.a.j.e.StandardJMeterEngine: Starting 1 threads for group Thread Group.
2022-06-09 21:55:45,913 INFO o.a.j.e.StandardJMeterEngine: Thread will continue on error
2022-06-09 21:55:45,913 INFO o.a.j.t.ThreadGroup: Starting thread group... number=1 threads=1 ramp-up=1 delayedStart=false
2022-06-09 21:55:45,925 INFO o.a.j.t.ThreadGroup: Started thread group number 1
2022-06-09 21:55:45,925 INFO o.a.j.e.StandardJMeterEngine: All thread groups have been started
2022-06-09 21:55:45,930 INFO o.a.j.t.JMeterThread: Thread started: Thread Group 1-1
2022-06-09 21:55:45,972 INFO o.a.j.p.h.p.BaseParser: Created org.apache.jmeter.protocol.http.parser.LagartoBasedHtmlParser
2022-06-09 21:55:46,111 INFO o.a.j.p.h.p.BaseParser: Created org.apache.jmeter.protocol.http.parser.CssParser
2022-06-09 21:55:48,584 WARN c.h.c.r.e.LoggingCSSParseErrorHandler: Browser compliant mode skipped CSS from [1:4787] starting at token ';' until [1:4801] to token '}' (based on com.helger.css.parser.ParseException: Encountered unexpected token: "*" "*"
    at line 1, column 4788.

Was expecting one of:

    ";"
    "@bottom-center"
    "@bottom-left"
    "@bottom-left-corner"
    "@bottom-right"
    "@bottom-right-corner"
    "@charset"
    "@import"
    "@left-bottom"
    "@left-middle"
    "@left-top"
    "@media"
    "@namespace"
    "@page"
    "@right-bottom"
    "@right-middle"
    "@right-top"
    "@supports"
    "@top-center"
    "@top-left"
    "@top-left-corner"
    "@top-right"
    "@top-right-corner"
    "}"
    <AT_UNKNOWN>
    <FONTFACE_SYM>
    <IDENT>
    <KEYFRAMES_SYM>
    <S>
    <VIEWPORT_SYM>
)
2022-06-09 21:55:48,590 WARN c.h.c.r.e.LoggingCSSParseErrorHandler: Browser compliant mode skipped CSS from [1:9055] starting at token ';' until [1:9071] to token ';' (based on com.helger.css.parser.ParseException: Encountered unexpected token: "*" "*"
    at line 1, column 9056.

Was expecting one of:

    ";"
    "@bottom-center"
    "@bottom-left"
    "@bottom-left-corner"
    "@bottom-right"
    "@bottom-right-corner"
    "@charset"
    "@import"
    "@left-bottom"
    "@left-middle"
    "@left-top"
    "@media"
    "@namespace"
    "@page"
    "@right-bottom"
    "@right-middle"
    "@right-top"
    "@supports"
    "@top-center"
    "@top-left"
    "@top-left-corner"
    "@top-right"
    "@top-right-corner"
    "}"
    <AT_UNKNOWN>
    <FONTFACE_SYM>
    <IDENT>
    <KEYFRAMES_SYM>
    <S>
    <VIEWPORT_SYM>
)
2022-06-09 21:55:48,591 WARN c.h.c.r.e.LoggingCSSParseErrorHandler: Browser compliant mode skipped CSS from [1:9072] starting at token '*' until [1:9104] to token '}' (based on com.helger.css.parser.ParseException: Encountered unexpected token: "zoom" <IDENT>
    at line 1, column 9073.

Was expecting one of:

    "."
    ":"
    ":not("
    "["
    <COMMA>
    <HASH>
    <LBRACE>
    <S>
)
2022-06-09 21:55:48,592 WARN c.h.c.r.e.LoggingCSSParseErrorHandler: Browser compliant mode skipped CSS from [1:9522] starting at token ';' until [1:9540] to token ';' (based on com.helger.css.parser.ParseException: Encountered unexpected token: "*" "*"
    at line 1, column 9523.

Was expecting one of:

    ";"
    "@bottom-center"
    "@bottom-left"
    "@bottom-left-corner"
    "@bottom-right"
    "@bottom-right-corner"
    "@charset"
    "@import"
    "@left-bottom"
    "@left-middle"
    "@left-top"
    "@media"
    "@namespace"
    "@page"
    "@right-bottom"
    "@right-middle"
    "@right-top"
    "@supports"
    "@top-center"
    "@top-left"
    "@top-left-corner"
    "@top-right"
    "@top-right-corner"
    "}"
    <AT_UNKNOWN>
    <FONTFACE_SYM>
    <IDENT>
    <KEYFRAMES_SYM>
    <S>
    <VIEWPORT_SYM>
)
2022-06-09 21:55:48,593 WARN c.h.c.r.e.LoggingCSSParseErrorHandler: Browser compliant mode skipped CSS from [1:9548] starting at token 'pointer' until [1:9625] to token '}' (based on com.helger.css.parser.ParseException: Encountered unexpected token: ";" ";"
    at line 1, column 9555.

Was expecting one of:

    "."
    ":"
    ":not("
    "["
    <COMMA>
    <HASH>
    <LBRACE>
    <S>
)
2022-06-09 21:55:48,594 WARN c.h.c.r.e.LoggingCSSParseErrorHandler: Browser compliant mode skipped CSS from [1:10404] starting at token ';' until [1:10424] to token '}' (based on com.helger.css.parser.ParseException: Encountered unexpected token: "*" "*"
    at line 1, column 10405.

Was expecting one of:

    ";"
    "@bottom-center"
    "@bottom-left"
    "@bottom-left-corner"
    "@bottom-right"
    "@bottom-right-corner"
    "@charset"
    "@import"
    "@left-bottom"
    "@left-middle"
    "@left-top"
    "@media"
    "@namespace"
    "@page"
    "@right-bottom"
    "@right-middle"
    "@right-top"
    "@supports"
    "@top-center"
    "@top-left"
    "@top-left-corner"
    "@top-right"
    "@top-right-corner"
    "}"
    <AT_UNKNOWN>
    <FONTFACE_SYM>
    <IDENT>
    <KEYFRAMES_SYM>
    <S>
    <VIEWPORT_SYM>
)
2022-06-09 21:55:48,595 WARN c.h.c.r.e.LoggingCSSParseErrorHandler: Browser compliant mode skipped CSS from [1:10477] starting at token ';' until [1:10495] to token '}' (based on com.helger.css.parser.ParseException: Encountered unexpected token: "*" "*"
    at line 1, column 10478.

Was expecting one of:

    ";"
    "@bottom-center"
    "@bottom-left"
    "@bottom-left-corner"
    "@bottom-right"
    "@bottom-right-corner"
    "@charset"
    "@import"
    "@left-bottom"
    "@left-middle"
    "@left-top"
    "@media"
    "@namespace"
    "@page"
    "@right-bottom"
    "@right-middle"
    "@right-top"
    "@supports"
    "@top-center"
    "@top-left"
    "@top-left-corner"
    "@top-right"
    "@top-right-corner"
    "}"
    <AT_UNKNOWN>
    <FONTFACE_SYM>
    <IDENT>
    <KEYFRAMES_SYM>
    <S>
    <VIEWPORT_SYM>
)
2022-06-09 21:55:48,595 WARN c.h.c.r.e.LoggingCSSParseErrorHandler: Browser compliant mode skipped CSS from [1:10631] starting at token ';' until [1:10647] to token ';' (based on com.helger.css.parser.ParseException: Encountered unexpected token: "*" "*"
    at line 1, column 10632.

Was expecting one of:

    ";"
    "@bottom-center"
    "@bottom-left"
    "@bottom-left-corner"
    "@bottom-right"
    "@bottom-right-corner"
    "@charset"
    "@import"
    "@left-bottom"
    "@left-middle"
    "@left-top"
    "@media"
    "@namespace"
    "@page"
    "@right-bottom"
    "@right-middle"
    "@right-top"
    "@supports"
    "@top-center"
    "@top-left"
    "@top-left-corner"
    "@top-right"
    "@top-right-corner"
    "}"
    <AT_UNKNOWN>
    <FONTFACE_SYM>
    <IDENT>
    <KEYFRAMES_SYM>
    <S>
    <VIEWPORT_SYM>
)
2022-06-09 21:55:48,596 WARN c.h.c.r.e.LoggingCSSParseErrorHandler: Browser compliant mode skipped CSS from [1:10648] starting at token '*' until [1:10797] to token '}' (based on com.helger.css.parser.ParseException: Encountered unexpected token: "zoom" <IDENT>
    at line 1, column 10649.

Was expecting one of:

    "."
    ":"
    ":not("
    "["
    <COMMA>
    <HASH>
    <LBRACE>
    <S>
)
2022-06-09 21:55:48,597 WARN c.h.c.r.e.LoggingCSSParseErrorHandler: Browser compliant mode skipped CSS from [1:11790] starting at token ';' until [1:11803] to token ';' (based on com.helger.css.parser.ParseException: Encountered unexpected token: "*" "*"
    at line 1, column 11791.

Was expecting one of:

    ";"
    "@bottom-center"
    "@bottom-left"
    "@bottom-left-corner"
    "@bottom-right"
    "@bottom-right-corner"
    "@charset"
    "@import"
    "@left-bottom"
    "@left-middle"
    "@left-top"
    "@media"
    "@namespace"
    "@page"
    "@right-bottom"
    "@right-middle"
    "@right-top"
    "@supports"
    "@top-center"
    "@top-left"
    "@top-left-corner"
    "@top-right"
    "@top-right-corner"
    "}"
    <AT_UNKNOWN>
    <FONTFACE_SYM>
    <IDENT>
    <KEYFRAMES_SYM>
    <S>
    <VIEWPORT_SYM>
)
2022-06-09 21:55:48,598 WARN c.h.c.r.e.LoggingCSSParseErrorHandler: Browser compliant mode skipped CSS from [1:11804] starting at token '*' until [1:11849] to token '}' (based on com.helger.css.parser.ParseException: Encountered unexpected token: "line-height" <IDENT>
    at line 1, column 11805.

Was expecting one of:

    "."
    ":"
    ":not("
    "["
    <COMMA>
    <HASH>
    <LBRACE>
    <S>
)
2022-06-09 21:55:48,600 WARN c.h.c.r.e.LoggingCSSParseErrorHandler: Browser compliant mode skipped CSS from [1:12326] starting at token ';' until [1:12342] to token ';' (based on com.helger.css.parser.ParseException: Encountered unexpected token: "*" "*"
    at line 1, column 12327.

Was expecting one of:

    ";"
    "@bottom-center"
    "@bottom-left"
    "@bottom-left-corner"
    "@bottom-right"
    "@bottom-right-corner"
    "@charset"
    "@import"
    "@left-bottom"
    "@left-middle"
    "@left-top"
    "@media"
    "@namespace"
    "@page"
    "@right-bottom"
    "@right-middle"
    "@right-top"
    "@supports"
    "@top-center"
    "@top-left"
    "@top-left-corner"
    "@top-right"
    "@top-right-corner"
    "}"
    <AT_UNKNOWN>
    <FONTFACE_SYM>
    <IDENT>
    <KEYFRAMES_SYM>
    <S>
    <VIEWPORT_SYM>
)
2022-06-09 21:55:48,600 WARN c.h.c.r.e.LoggingCSSParseErrorHandler: Browser compliant mode skipped CSS from [1:12343] starting at token '*' until [1:12363] to token '}' (based on com.helger.css.parser.ParseException: Encountered unexpected token: "zoom" <IDENT>
    at line 1, column 12344.

Was expecting one of:

    "."
    ":"
    ":not("
    "["
    <COMMA>
    <HASH>
    <LBRACE>
    <S>
)
2022-06-09 21:55:48,605 WARN c.h.c.r.e.LoggingCSSParseErrorHandler: Browser compliant mode skipped CSS from [1:15224] starting at token ';' until [1:15240] to token ';' (based on com.helger.css.parser.ParseException: Encountered unexpected token: "*" "*"
    at line 1, column 15225.

Was expecting one of:

    ";"
    "@bottom-center"
    "@bottom-left"
    "@bottom-left-corner"
    "@bottom-right"
    "@bottom-right-corner"
    "@charset"
    "@import"
    "@left-bottom"
    "@left-middle"
    "@left-top"
    "@media"
    "@namespace"
    "@page"
    "@right-bottom"
    "@right-middle"
    "@right-top"
    "@supports"
    "@top-center"
    "@top-left"
    "@top-left-corner"
    "@top-right"
    "@top-right-corner"
    "}"
    <AT_UNKNOWN>
    <FONTFACE_SYM>
    <IDENT>
    <KEYFRAMES_SYM>
    <S>
    <VIEWPORT_SYM>
)
2022-06-09 21:55:48,605 WARN c.h.c.r.e.LoggingCSSParseErrorHandler: Browser compliant mode skipped CSS from [1:15241] starting at token '*' until [1:15279] to token '}' (based on com.helger.css.parser.ParseException: Encountered unexpected token: "zoom" <IDENT>
    at line 1, column 15242.

Was expecting one of:

    "."
    ":"
    ":not("
    "["
    <COMMA>
    <HASH>
    <LBRACE>
    <S>
)
2022-06-09 21:55:48,606 WARN c.h.c.r.e.LoggingCSSParseErrorHandler: Browser compliant mode skipped CSS from [1:15419] starting at token ';' until [1:15435] to token ';' (based on com.helger.css.parser.ParseException: Encountered unexpected token: "*" "*"
    at line 1, column 15420.

Was expecting one of:

    ";"
    "@bottom-center"
    "@bottom-left"
    "@bottom-left-corner"
    "@bottom-right"
    "@bottom-right-corner"
    "@charset"
    "@import"
    "@left-bottom"
    "@left-middle"
    "@left-top"
    "@media"
    "@namespace"
    "@page"
    "@right-bottom"
    "@right-middle"
    "@right-top"
    "@supports"
    "@top-center"
    "@top-left"
    "@top-left-corner"
    "@top-right"
    "@top-right-corner"
    "}"
    <AT_UNKNOWN>
    <FONTFACE_SYM>
    <IDENT>
    <KEYFRAMES_SYM>
    <S>
    <VIEWPORT_SYM>
)
2022-06-09 21:55:48,607 WARN c.h.c.r.e.LoggingCSSParseErrorHandler: Browser compliant mode skipped CSS from [1:15436] starting at token '*' until [1:15469] to token '}' (based on com.helger.css.parser.ParseException: Encountered unexpected token: "zoom" <IDENT>
    at line 1, column 15437.

Was expecting one of:

    "."
    ":"
    ":not("
    "["
    <COMMA>
    <HASH>
    <LBRACE>
    <S>
)
2022-06-09 21:55:48,608 WARN c.h.c.r.e.LoggingCSSParseErrorHandler: Browser compliant mode skipped CSS from [1:15850] starting at token ';' until [1:15866] to token ';' (based on com.helger.css.parser.ParseException: Encountered unexpected token: "*" "*"
    at line 1, column 15851.

Was expecting one of:

    ";"
    "@bottom-center"
    "@bottom-left"
    "@bottom-left-corner"
    "@bottom-right"
    "@bottom-right-corner"
    "@charset"
    "@import"
    "@left-bottom"
    "@left-middle"
    "@left-top"
    "@media"
    "@namespace"
    "@page"
    "@right-bottom"
    "@right-middle"
    "@right-top"
    "@supports"
    "@top-center"
    "@top-left"
    "@top-left-corner"
    "@top-right"
    "@top-right-corner"
    "}"
    <AT_UNKNOWN>
    <FONTFACE_SYM>
    <IDENT>
    <KEYFRAMES_SYM>
    <S>
    <VIEWPORT_SYM>
)
2022-06-09 21:55:48,608 WARN c.h.c.r.e.LoggingCSSParseErrorHandler: Browser compliant mode skipped CSS from [1:15867] starting at token '*' until [1:15874] to token '}' (based on com.helger.css.parser.ParseException: Encountered unexpected token: "zoom" <IDENT>
    at line 1, column 15868.

Was expecting one of:

    "."
    ":"
    ":not("
    "["
    <COMMA>
    <HASH>
    <LBRACE>
    <S>
)
2022-06-09 21:55:48,609 WARN c.h.c.r.e.LoggingCSSParseErrorHandler: Browser compliant mode skipped CSS from [1:15956] starting at token ';' until [1:15972] to token ';' (based on com.helger.css.parser.ParseException: Encountered unexpected token: "*" "*"
    at line 1, column 15957.

Was expecting one of:

    ";"
    "@bottom-center"
    "@bottom-left"
    "@bottom-left-corner"
    "@bottom-right"
    "@bottom-right-corner"
    "@charset"
    "@import"
    "@left-bottom"
    "@left-middle"
    "@left-top"
    "@media"
    "@namespace"
    "@page"
    "@right-bottom"
    "@right-middle"
    "@right-top"
    "@supports"
    "@top-center"
    "@top-left"
    "@top-left-corner"
    "@top-right"
    "@top-right-corner"
    "}"
    <AT_UNKNOWN>
    <FONTFACE_SYM>
    <IDENT>
    <KEYFRAMES_SYM>
    <S>
    <VIEWPORT_SYM>
)
2022-06-09 21:55:48,609 WARN c.h.c.r.e.LoggingCSSParseErrorHandler: Browser compliant mode skipped CSS from [1:15973] starting at token '*' until [1:15980] to token '}' (based on com.helger.css.parser.ParseException: Encountered unexpected token: "zoom" <IDENT>
    at line 1, column 15974.

Was expecting one of:

    "."
    ":"
    ":not("
    "["
    <COMMA>
    <HASH>
    <LBRACE>
    <S>
)
2022-06-09 21:55:48,611 WARN c.h.c.r.e.LoggingCSSParseErrorHandler: Browser compliant mode skipped CSS from [1:16425] starting at token ';' until [1:16441] to token ';' (based on com.helger.css.parser.ParseException: Encountered unexpected token: "*" "*"
    at line 1, column 16426.

Was expecting one of:

    ";"
    "@bottom-center"
    "@bottom-left"
    "@bottom-left-corner"
    "@bottom-right"
    "@bottom-right-corner"
    "@charset"
    "@import"
    "@left-bottom"
    "@left-middle"
    "@left-top"
    "@media"
    "@namespace"
    "@page"
    "@right-bottom"
    "@right-middle"
    "@right-top"
    "@supports"
    "@top-center"
    "@top-left"
    "@top-left-corner"
    "@top-right"
    "@top-right-corner"
    "}"
    <AT_UNKNOWN>
    <FONTFACE_SYM>
    <IDENT>
    <KEYFRAMES_SYM>
    <S>
    <VIEWPORT_SYM>
)
2022-06-09 21:55:48,612 WARN c.h.c.r.e.LoggingCSSParseErrorHandler: Browser compliant mode skipped CSS from [1:16442] starting at token '*' until [1:16509] to token '}' (based on com.helger.css.parser.ParseException: Encountered unexpected token: "zoom" <IDENT>
    at line 1, column 16443.

Was expecting one of:

    "."
    ":"
    ":not("
    "["
    <COMMA>
    <HASH>
    <LBRACE>
    <S>
)
2022-06-09 21:55:48,613 WARN c.h.c.r.e.LoggingCSSParseErrorHandler: Browser compliant mode skipped CSS from [1:17397] starting at token '{' until [1:17413] to token '}' (based on com.helger.css.parser.ParseException: Encountered unexpected token: "*" "*"
    at line 1, column 17398.

Was expecting one of:

    ";"
    "@bottom-center"
    "@bottom-left"
    "@bottom-left-corner"
    "@bottom-right"
    "@bottom-right-corner"
    "@charset"
    "@import"
    "@left-bottom"
    "@left-middle"
    "@left-top"
    "@media"
    "@namespace"
    "@page"
    "@right-bottom"
    "@right-middle"
    "@right-top"
    "@supports"
    "@top-center"
    "@top-left"
    "@top-left-corner"
    "@top-right"
    "@top-right-corner"
    "}"
    <AT_UNKNOWN>
    <FONTFACE_SYM>
    <IDENT>
    <KEYFRAMES_SYM>
    <S>
    <VIEWPORT_SYM>
)
2022-06-09 21:55:48,615 WARN c.h.c.r.e.LoggingCSSParseErrorHandler: Browser compliant mode skipped CSS from [1:18200] starting at token ';' until [1:18216] to token ';' (based on com.helger.css.parser.ParseException: Encountered unexpected token: "*" "*"
    at line 1, column 18201.

Was expecting one of:

    ";"
    "@bottom-center"
    "@bottom-left"
    "@bottom-left-corner"
    "@bottom-right"
    "@bottom-right-corner"
    "@charset"
    "@import"
    "@left-bottom"
    "@left-middle"
    "@left-top"
    "@media"
    "@namespace"
    "@page"
    "@right-bottom"
    "@right-middle"
    "@right-top"
    "@supports"
    "@top-center"
    "@top-left"
    "@top-left-corner"
    "@top-right"
    "@top-right-corner"
    "}"
    <AT_UNKNOWN>
    <FONTFACE_SYM>
    <IDENT>
    <KEYFRAMES_SYM>
    <S>
    <VIEWPORT_SYM>
)
2022-06-09 21:55:48,616 WARN c.h.c.r.e.LoggingCSSParseErrorHandler: Browser compliant mode skipped CSS from [1:18217] starting at token '*' until [1:18246] to token '}' (based on com.helger.css.parser.ParseException: Encountered unexpected token: "zoom" <IDENT>
    at line 1, column 18218.

Was expecting one of:

    "."
    ":"
    ":not("
    "["
    <COMMA>
    <HASH>
    <LBRACE>
    <S>
)
2022-06-09 21:55:48,616 WARN c.h.c.r.e.LoggingCSSParseErrorHandler: Browser compliant mode skipped CSS from [1:18425] starting at token ';' until [1:18441] to token ';' (based on com.helger.css.parser.ParseException: Encountered unexpected token: "*" "*"
    at line 1, column 18426.

Was expecting one of:

    ";"
    "@bottom-center"
    "@bottom-left"
    "@bottom-left-corner"
    "@bottom-right"
    "@bottom-right-corner"
    "@charset"
    "@import"
    "@left-bottom"
    "@left-middle"
    "@left-top"
    "@media"
    "@namespace"
    "@page"
    "@right-bottom"
    "@right-middle"
    "@right-top"
    "@supports"
    "@top-center"
    "@top-left"
    "@top-left-corner"
    "@top-right"
    "@top-right-corner"
    "}"
    <AT_UNKNOWN>
    <FONTFACE_SYM>
    <IDENT>
    <KEYFRAMES_SYM>
    <S>
    <VIEWPORT_SYM>
)
2022-06-09 21:55:48,617 WARN c.h.c.r.e.LoggingCSSParseErrorHandler: Browser compliant mode skipped CSS from [1:18454] starting at token ':' until [1:18554] to token '}' (based on com.helger.css.parser.ParseException: Encountered unexpected token: "6px" <PX>
    at line 1, column 18455.

Was expecting one of:

    ":"
    <FUNCTION_NTH>
    <IDENT>
)
2022-06-09 21:55:48,617 WARN c.h.c.r.e.LoggingCSSParseErrorHandler: Browser compliant mode skipped CSS from [1:18715] starting at token '{' until [1:18732] to token '}' (based on com.helger.css.parser.ParseException: Encountered unexpected token: "*" "*"
    at line 1, column 18716.

Was expecting one of:

    ";"
    "@bottom-center"
    "@bottom-left"
    "@bottom-left-corner"
    "@bottom-right"
    "@bottom-right-corner"
    "@charset"
    "@import"
    "@left-bottom"
    "@left-middle"
    "@left-top"
    "@media"
    "@namespace"
    "@page"
    "@right-bottom"
    "@right-middle"
    "@right-top"
    "@supports"
    "@top-center"
    "@top-left"
    "@top-left-corner"
    "@top-right"
    "@top-right-corner"
    "}"
    <AT_UNKNOWN>
    <FONTFACE_SYM>
    <IDENT>
    <KEYFRAMES_SYM>
    <S>
    <VIEWPORT_SYM>
)
2022-06-09 21:55:48,620 WARN c.h.c.r.e.LoggingCSSParseErrorHandler: Browser compliant mode skipped CSS from [1:20466] starting at token ';' until [1:20482] to token '}' (based on com.helger.css.parser.ParseException: Encountered unexpected token: "*" "*"
    at line 1, column 20467.

Was expecting one of:

    ";"
    "@bottom-center"
    "@bottom-left"
    "@bottom-left-corner"
    "@bottom-right"
    "@bottom-right-corner"
    "@charset"
    "@import"
    "@left-bottom"
    "@left-middle"
    "@left-top"
    "@media"
    "@namespace"
    "@page"
    "@right-bottom"
    "@right-middle"
    "@right-top"
    "@supports"
    "@top-center"
    "@top-left"
    "@top-left-corner"
    "@top-right"
    "@top-right-corner"
    "}"
    <AT_UNKNOWN>
    <FONTFACE_SYM>
    <IDENT>
    <KEYFRAMES_SYM>
    <S>
    <VIEWPORT_SYM>
)
2022-06-09 21:55:48,623 WARN c.h.c.r.e.LoggingCSSParseErrorHandler: Browser compliant mode skipped CSS from [1:22185] starting at token ';' until [1:22201] to token ';' (based on com.helger.css.parser.ParseException: Encountered unexpected token: "*" "*"
    at line 1, column 22186.

Was expecting one of:

    ";"
    "@bottom-center"
    "@bottom-left"
    "@bottom-left-corner"
    "@bottom-right"
    "@bottom-right-corner"
    "@charset"
    "@import"
    "@left-bottom"
    "@left-middle"
    "@left-top"
    "@media"
    "@namespace"
    "@page"
    "@right-bottom"
    "@right-middle"
    "@right-top"
    "@supports"
    "@top-center"
    "@top-left"
    "@top-left-corner"
    "@top-right"
    "@top-right-corner"
    "}"
    <AT_UNKNOWN>
    <FONTFACE_SYM>
    <IDENT>
    <KEYFRAMES_SYM>
    <S>
    <VIEWPORT_SYM>
)
2022-06-09 21:55:48,623 WARN c.h.c.r.e.LoggingCSSParseErrorHandler: Browser compliant mode skipped CSS from [1:22202] starting at token '*' until [1:22356] to token '}' (based on com.helger.css.parser.ParseException: Encountered unexpected token: "zoom" <IDENT>
    at line 1, column 22203.

Was expecting one of:

    "."
    ":"
    ":not("
    "["
    <COMMA>
    <HASH>
    <LBRACE>
    <S>
)
2022-06-09 21:55:48,625 WARN c.h.c.r.e.LoggingCSSParseErrorHandler: Browser compliant mode skipped CSS from [1:22827] starting at token ';' until [1:22844] to token ';' (based on com.helger.css.parser.ParseException: Encountered unexpected token: "*" "*"
    at line 1, column 22828.

Was expecting one of:

    ";"
    "@bottom-center"
    "@bottom-left"
    "@bottom-left-corner"
    "@bottom-right"
    "@bottom-right-corner"
    "@charset"
    "@import"
    "@left-bottom"
    "@left-middle"
    "@left-top"
    "@media"
    "@namespace"
    "@page"
    "@right-bottom"
    "@right-middle"
    "@right-top"
    "@supports"
    "@top-center"
    "@top-left"
    "@top-left-corner"
    "@top-right"
    "@top-right-corner"
    "}"
    <AT_UNKNOWN>
    <FONTFACE_SYM>
    <IDENT>
    <KEYFRAMES_SYM>
    <S>
    <VIEWPORT_SYM>
)
2022-06-09 21:55:48,625 WARN c.h.c.r.e.LoggingCSSParseErrorHandler: Browser compliant mode skipped CSS from [1:22850] starting at token ':' until [1:22855] to token '}' (based on com.helger.css.parser.ParseException: Encountered unexpected token: "#333" <HASH>
    at line 1, column 22851.

Was expecting one of:

    ":"
    <FUNCTION_NTH>
    <IDENT>
)
2022-06-09 21:55:50,659 INFO o.a.j.t.JMeterThread: Thread is done: Thread Group 1-1
2022-06-09 21:55:50,660 INFO o.a.j.t.JMeterThread: Thread finished: Thread Group 1-1
2022-06-09 21:55:50,662 INFO o.a.j.e.StandardJMeterEngine: Notifying test listeners of end of test
2022-06-09 21:55:50,663 INFO o.a.j.g.u.JMeterMenuBar: setRunning(false, *local*)
2022-06-09 22:03:05,832 INFO o.a.j.p.h.p.ProxyControl: Valid alias found for :root_ca:
2022-06-09 22:03:05,832 INFO o.a.j.p.h.p.ProxyControl: Valid alias found for :intermediate_ca:
2022-06-09 22:03:05,832 INFO o.a.j.p.h.p.Daemon: Creating Daemon Socket on port: 8888
2022-06-09 22:03:05,833 INFO o.a.j.p.h.p.Daemon: Test Script Recorder up and running!
2022-06-09 22:03:06,639 INFO o.a.j.p.h.p.ProxyControl: Add sample /v1/tiles-112 into controller 
2022-06-09 22:03:16,285 INFO o.a.j.p.h.p.ProxyControl: Add sample Edit/blog/admin/app/editor/editpost.cshtml-113 into controller Edit
2022-06-09 22:03:16,885 ERROR o.a.j.p.h.p.Proxy: 
java.net.SocketException: Software caused connection abort: socket write error
	at java.net.SocketOutputStream.socketWrite0(Native Method) ~[?:?]
	at java.net.SocketOutputStream.socketWrite(SocketOutputStream.java:110) ~[?:?]
	at java.net.SocketOutputStream.write(SocketOutputStream.java:150) ~[?:?]
	at java.io.BufferedOutputStream.write(BufferedOutputStream.java:123) ~[?:?]
	at java.io.FilterOutputStream.write(FilterOutputStream.java:108) ~[?:?]
	at org.apache.jmeter.protocol.http.proxy.Proxy.writeToClient(Proxy.java:503) [ApacheJMeter_http.jar:5.4.3]
	at org.apache.jmeter.protocol.http.proxy.Proxy.run(Proxy.java:252) [ApacheJMeter_http.jar:5.4.3]
2022-06-09 22:03:16,885 ERROR o.a.j.p.h.p.Proxy: [17728]  Exception when processing sample
java.net.SocketException: Software caused connection abort: socket write error
	at java.net.SocketOutputStream.socketWrite0(Native Method) ~[?:?]
	at java.net.SocketOutputStream.socketWrite(SocketOutputStream.java:110) ~[?:?]
	at java.net.SocketOutputStream.write(SocketOutputStream.java:150) ~[?:?]
	at java.io.BufferedOutputStream.write(BufferedOutputStream.java:123) ~[?:?]
	at java.io.FilterOutputStream.write(FilterOutputStream.java:108) ~[?:?]
	at org.apache.jmeter.protocol.http.proxy.Proxy.writeToClient(Proxy.java:503) ~[ApacheJMeter_http.jar:5.4.3]
	at org.apache.jmeter.protocol.http.proxy.Proxy.run(Proxy.java:252) [ApacheJMeter_http.jar:5.4.3]
2022-06-09 22:03:16,886 WARN o.a.j.p.h.p.Proxy: [17728]  Exception while writing error
java.net.SocketException: Socket is closed
	at java.net.Socket.getOutputStream(Socket.java:961) ~[?:?]
	at org.apache.jmeter.protocol.http.proxy.Proxy.writeErrorToClient(Proxy.java:578) [ApacheJMeter_http.jar:5.4.3]
	at org.apache.jmeter.protocol.http.proxy.Proxy.run(Proxy.java:269) [ApacheJMeter_http.jar:5.4.3]
2022-06-09 22:03:16,890 INFO o.a.j.p.h.p.ProxyControl: Add sample Edit/blog/api/lookups-114 into controller Edit
2022-06-09 22:03:16,892 INFO o.a.j.p.h.p.ProxyControl: Add sample Edit/blog/admin/editors/tinymce/themes/modern/theme.min.js-115 into controller Edit
2022-06-09 22:03:16,895 INFO o.a.j.p.h.p.ProxyControl: Add sample Edit/blog/admin/editors/tinymce/plugins/autolink/plugin.min.js-117 into controller Edit
2022-06-09 22:03:16,899 INFO o.a.j.p.h.p.ProxyControl: Add sample Edit/blog/admin/editors/tinymce/plugins/advlist/plugin.min.js-116 into controller Edit
2022-06-09 22:03:16,901 INFO o.a.j.p.h.p.ProxyControl: Add sample Edit/blog/admin/editors/tinymce/plugins/fullscreen/plugin.min.js-119 into controller Edit
2022-06-09 22:03:16,903 INFO o.a.j.p.h.p.ProxyControl: Add sample Edit/blog/admin/editors/tinymce/plugins/code/plugin.min.js-118 into controller Edit
2022-06-09 22:03:16,906 INFO o.a.j.p.h.p.ProxyControl: Add sample Edit/blog/admin/editors/tinymce/plugins/sh4tinymce/plugin.min.js-120 into controller Edit
2022-06-09 22:03:16,909 INFO o.a.j.p.h.p.ProxyControl: Add sample Edit/blog/admin/editors/tinymce/plugins/filemanager/plugin.min.js-121 into controller Edit
2022-06-09 22:03:16,912 INFO o.a.j.p.h.p.ProxyControl: Add sample Edit/blog/admin/editors/tinymce/plugins/sh4tinymce/langs/en.js-122 into controller Edit
2022-06-09 22:03:16,913 INFO o.a.j.p.h.p.ProxyControl: Add sample Edit/blog/admin/editors/tinymce/skins/lightgray/fonts/tinymce.woff-123 into controller Edit
2022-06-09 22:03:16,918 INFO o.a.j.p.h.p.ProxyControl: Add sample Edit/blog/admin/editors/tinymce/plugins/sh4tinymce/fonts/sh4tinymce.woff-124 into controller Edit
2022-06-09 22:03:17,093 INFO o.a.j.p.h.p.ProxyControl: Add sample Edit/blog/api/tags-125 into controller Edit
2022-06-09 22:03:17,294 INFO o.a.j.p.h.p.ProxyControl: Add sample Edit/blog/api/posts/529500d0-03cb-4f25-8a2e-1c5cba30b3d9-126 into controller Edit
2022-06-09 22:03:17,296 INFO o.a.j.p.h.p.ProxyControl: Add sample Edit/blog/api/customfields-128 into controller Edit
2022-06-09 22:03:17,299 INFO o.a.j.p.h.p.ProxyControl: Add sample Edit/blog/api/customfields-127 into controller Edit
2022-06-09 22:03:18,499 INFO o.a.j.p.h.p.ProxyControl: Add sample Edit/batch/import-129 into controller Edit
2022-06-09 22:03:36,799 INFO o.a.j.p.h.p.ProxyControl: Add sample Edit/blog/api/posts/update/foo-131 into controller Edit
2022-06-09 22:03:36,801 INFO o.a.j.p.h.p.ProxyControl: Add sample Edit/blog/api/posts/529500d0-03cb-4f25-8a2e-1c5cba30b3d9-132 into controller Edit
2022-06-09 22:03:36,804 INFO o.a.j.p.h.p.ProxyControl: Add sample Edit/blog/api/customfields-133 into controller Edit
2022-06-09 22:03:46,446 INFO o.a.j.p.h.p.ProxyControl: Add sample Edit/dynamicConfig.json-135 into controller Edit
2022-06-09 22:03:51,657 INFO o.a.j.p.h.p.ProxyControl: [17770]  Creating entry firefox.settings.services.mozilla.com in C:\apache-jmeter-5.4.3\bin\proxyserver.jks
2022-06-09 22:03:59,652 INFO o.a.j.p.h.p.Proxy: [17770]  KeyStore for SSL loaded OK and put host 'firefox.settings.services.mozilla.com' in map with key (firefox.settings.services.mozilla.com)
2022-06-09 22:04:00,016 INFO o.a.j.p.h.p.ProxyControl: Add sample Edit/v1/buckets/monitor/collections/changes/changeset-136 into controller Edit
2022-06-09 22:04:13,397 INFO o.a.j.p.h.p.Daemon: HTTP(S) Test Script Recorder stopped
2022-06-09 22:06:39,294 INFO o.a.j.g.a.Load: Merging file: C:\Users\Vladyslav_Kliucharov\Git\Performace Test Mentoring\Task3\Blog_Post_Anonimus.jmx
2022-06-09 22:06:39,294 INFO o.a.j.s.SaveService: Loading file: C:\Users\Vladyslav_Kliucharov\Git\Performace Test Mentoring\Task3\Blog_Post_Anonimus.jmx
2022-06-09 22:06:39,408 INFO o.a.j.p.h.c.CookieManager: Settings: Delete null: true Check: true Allow variable: true Save: false Prefix: COOKIE_
2022-06-09 22:06:39,412 INFO o.a.j.p.h.c.CacheManager: Will only cache the following methods: [GET]
2022-06-09 22:06:39,779 INFO o.a.j.v.ViewResultsFullVisualizer: Add JavaFX to your Java installation if you want to use renderer: org.apache.jmeter.visualizers.RenderInBrowser
2022-06-09 22:08:12,980 INFO o.a.j.g.a.Load: Merging file: C:\Users\Vladyslav_Kliucharov\Git\Performace Test Mentoring\Task4\Admin_User_Scenario.jmx
2022-06-09 22:08:12,980 INFO o.a.j.s.SaveService: Loading file: C:\Users\Vladyslav_Kliucharov\Git\Performace Test Mentoring\Task4\Admin_User_Scenario.jmx
2022-06-09 22:08:13,281 INFO o.a.j.v.ViewResultsFullVisualizer: Add JavaFX to your Java installation if you want to use renderer: org.apache.jmeter.visualizers.RenderInBrowser
2022-06-09 22:09:07,931 INFO o.a.j.v.ViewResultsFullVisualizer: Add JavaFX to your Java installation if you want to use renderer: org.apache.jmeter.visualizers.RenderInBrowser
2022-06-09 22:12:24,613 INFO o.a.j.g.a.Load: Merging file: C:\Users\Vladyslav_Kliucharov\Git\Performace Test Mentoring\Task3\Blog_Post_Anonimus.jmx
2022-06-09 22:12:24,614 INFO o.a.j.s.SaveService: Loading file: C:\Users\Vladyslav_Kliucharov\Git\Performace Test Mentoring\Task3\Blog_Post_Anonimus.jmx
2022-06-09 22:12:24,697 INFO o.a.j.v.ViewResultsFullVisualizer: Add JavaFX to your Java installation if you want to use renderer: org.apache.jmeter.visualizers.RenderInBrowser
2022-06-09 22:14:35,910 INFO o.a.j.p.h.p.ProxyControl: Valid alias found for :root_ca:
2022-06-09 22:14:35,911 INFO o.a.j.p.h.p.ProxyControl: Valid alias found for :intermediate_ca:
2022-06-09 22:14:35,911 INFO o.a.j.p.h.p.Daemon: Creating Daemon Socket on port: 8888
2022-06-09 22:14:35,912 INFO o.a.j.p.h.p.Daemon: Test Script Recorder up and running!
2022-06-09 22:14:44,965 INFO o.a.j.p.h.p.ProxyControl: Add sample Random/blog/2022/06/16/default-138 into controller Random
2022-06-09 22:14:52,806 INFO o.a.j.p.h.p.ProxyControl: Add sample Random/blog/post/Post1112-139 into controller Random
2022-06-09 22:14:56,858 INFO o.a.j.p.h.p.Daemon: HTTP(S) Test Script Recorder stopped
2022-06-09 22:15:42,578 INFO o.a.j.g.a.Load: Merging file: C:\Users\Vladyslav_Kliucharov\Git\Performace Test Mentoring\Task3\Blog_Post_Anonimus.jmx
2022-06-09 22:15:42,578 INFO o.a.j.s.SaveService: Loading file: C:\Users\Vladyslav_Kliucharov\Git\Performace Test Mentoring\Task3\Blog_Post_Anonimus.jmx
2022-06-09 22:15:42,657 INFO o.a.j.v.ViewResultsFullVisualizer: Add JavaFX to your Java installation if you want to use renderer: org.apache.jmeter.visualizers.RenderInBrowser
2022-06-09 22:34:22,348 INFO o.a.j.e.StandardJMeterEngine: Running the test!
2022-06-09 22:34:22,349 INFO o.a.j.s.SampleEvent: List of sample_variables: []
2022-06-09 22:34:22,355 INFO c.b.c.RandomCSVReader: Start reading the file: C:\Users\Vladyslav_Kliucharov\Git\Performace Test Mentoring\Task5\RandomDates.csv
2022-06-09 22:34:22,355 ERROR c.b.c.RandomCSVReader: Cannot initialize RandomCSVReader, because of error: 
java.io.FileNotFoundException: C:\Users\Vladyslav_Kliucharov\Git\Performace Test Mentoring\Task5\RandomDates.csv (The system cannot find the file specified)
	at java.io.FileInputStream.open0(Native Method) ~[?:?]
	at java.io.FileInputStream.open(FileInputStream.java:219) ~[?:?]
	at java.io.FileInputStream.<init>(FileInputStream.java:157) ~[?:?]
	at com.blazemeter.csv.RandomCSVReader.createReader(RandomCSVReader.java:195) ~[jmeter-plugins-random-csv-data-set-0.8.jar:?]
	at com.blazemeter.csv.RandomCSVReader.initOffsets(RandomCSVReader.java:182) ~[jmeter-plugins-random-csv-data-set-0.8.jar:?]
	at com.blazemeter.csv.RandomCSVReader.<init>(RandomCSVReader.java:61) [jmeter-plugins-random-csv-data-set-0.8.jar:?]
	at com.blazemeter.jmeter.RandomCSVDataSetConfig.createRandomCSVReader(RandomCSVDataSetConfig.java:164) [jmeter-plugins-random-csv-data-set-0.8.jar:?]
	at com.blazemeter.jmeter.RandomCSVDataSetConfig.trySetFinalFilename(RandomCSVDataSetConfig.java:54) [jmeter-plugins-random-csv-data-set-0.8.jar:?]
	at com.blazemeter.jmeter.RandomCSVDataSetConfig.testStarted(RandomCSVDataSetConfig.java:203) [jmeter-plugins-random-csv-data-set-0.8.jar:?]
	at com.blazemeter.jmeter.RandomCSVDataSetConfig.testStarted(RandomCSVDataSetConfig.java:198) [jmeter-plugins-random-csv-data-set-0.8.jar:?]
	at org.apache.jmeter.engine.StandardJMeterEngine.notifyTestListenersOfStart(StandardJMeterEngine.java:205) [ApacheJMeter_core.jar:5.4.3]
	at org.apache.jmeter.engine.StandardJMeterEngine.run(StandardJMeterEngine.java:382) [ApacheJMeter_core.jar:5.4.3]
	at java.lang.Thread.run(Thread.java:834) [?:?]
2022-06-09 22:34:22,356 ERROR o.a.j.JMeter: Uncaught exception in thread Thread[StandardJMeterEngine,6,main]
java.lang.RuntimeException: Cannot initialize RandomCSVReader, because of error: C:\Users\Vladyslav_Kliucharov\Git\Performace Test Mentoring\Task5\RandomDates.csv (The system cannot find the file specified)
	at com.blazemeter.csv.RandomCSVReader.<init>(RandomCSVReader.java:70) ~[jmeter-plugins-random-csv-data-set-0.8.jar:?]
	at com.blazemeter.jmeter.RandomCSVDataSetConfig.createRandomCSVReader(RandomCSVDataSetConfig.java:164) ~[jmeter-plugins-random-csv-data-set-0.8.jar:?]
	at com.blazemeter.jmeter.RandomCSVDataSetConfig.trySetFinalFilename(RandomCSVDataSetConfig.java:54) ~[jmeter-plugins-random-csv-data-set-0.8.jar:?]
	at com.blazemeter.jmeter.RandomCSVDataSetConfig.testStarted(RandomCSVDataSetConfig.java:203) ~[jmeter-plugins-random-csv-data-set-0.8.jar:?]
	at com.blazemeter.jmeter.RandomCSVDataSetConfig.testStarted(RandomCSVDataSetConfig.java:198) ~[jmeter-plugins-random-csv-data-set-0.8.jar:?]
	at org.apache.jmeter.engine.StandardJMeterEngine.notifyTestListenersOfStart(StandardJMeterEngine.java:205) ~[ApacheJMeter_core.jar:5.4.3]
	at org.apache.jmeter.engine.StandardJMeterEngine.run(StandardJMeterEngine.java:382) ~[ApacheJMeter_core.jar:5.4.3]
	at java.lang.Thread.run(Thread.java:834) [?:?]
Caused by: java.io.FileNotFoundException: C:\Users\Vladyslav_Kliucharov\Git\Performace Test Mentoring\Task5\RandomDates.csv (The system cannot find the file specified)
	at java.io.FileInputStream.open0(Native Method) ~[?:?]
	at java.io.FileInputStream.open(FileInputStream.java:219) ~[?:?]
	at java.io.FileInputStream.<init>(FileInputStream.java:157) ~[?:?]
	at com.blazemeter.csv.RandomCSVReader.createReader(RandomCSVReader.java:195) ~[jmeter-plugins-random-csv-data-set-0.8.jar:?]
	at com.blazemeter.csv.RandomCSVReader.initOffsets(RandomCSVReader.java:182) ~[jmeter-plugins-random-csv-data-set-0.8.jar:?]
	at com.blazemeter.csv.RandomCSVReader.<init>(RandomCSVReader.java:61) ~[jmeter-plugins-random-csv-data-set-0.8.jar:?]
	... 7 more
2022-06-09 22:35:09,277 INFO o.a.j.e.StandardJMeterEngine: Running the test!
2022-06-09 22:35:09,278 INFO o.a.j.s.SampleEvent: List of sample_variables: []
2022-06-09 22:35:09,280 INFO c.b.c.RandomCSVReader: Start reading the file: C:\Users\Vladyslav_Kliucharov\Git\Performace Test Mentoring\Task5\RandomDates.csv
2022-06-09 22:35:09,289 INFO c.b.c.RandomCSVReader: Reading finished. Found 10 records in your csv file
2022-06-09 22:35:09,291 INFO o.a.j.g.u.JMeterMenuBar: setRunning(true, *local*)
2022-06-09 22:35:09,293 INFO o.a.j.e.StandardJMeterEngine: Starting setUp thread groups
2022-06-09 22:35:09,293 INFO o.a.j.e.StandardJMeterEngine: Starting setUp ThreadGroup: 1 : setUp Thread Group (Warm UP) 
2022-06-09 22:35:09,293 INFO o.a.j.e.StandardJMeterEngine: Starting 1 threads for group setUp Thread Group (Warm UP).
2022-06-09 22:35:09,293 INFO o.a.j.e.StandardJMeterEngine: Thread will continue on error
2022-06-09 22:35:09,293 INFO o.a.j.t.ThreadGroup: Starting thread group... number=1 threads=1 ramp-up=1 delayedStart=false
2022-06-09 22:35:09,294 INFO o.a.j.t.ThreadGroup: Started thread group number 1
2022-06-09 22:35:09,295 INFO o.a.j.e.StandardJMeterEngine: Waiting for all setup thread groups to exit
2022-06-09 22:35:09,302 INFO o.a.j.t.JMeterThread: Thread started: setUp Thread Group (Warm UP) 1-1
2022-06-09 22:35:09,303 INFO o.a.j.s.FileServer: Stored: Credentials.csv
2022-06-09 22:35:09,367 INFO o.a.j.p.h.s.ResourcesDownloader: Creating ResourcesDownloader with keepalive_inseconds : 60
2022-06-09 22:35:18,207 INFO o.a.j.g.a.Start: Stopping test
2022-06-09 22:35:18,222 INFO o.a.j.t.JMeterThread: Stopping: setUp Thread Group (Warm UP) 1-1
2022-06-09 22:35:18,222 WARN o.a.j.t.JMeterThread: Interrupting: setUp Thread Group (Warm UP) 1-1 sampler: GET_Account_Logoff
2022-06-09 22:35:18,223 WARN o.a.j.t.JMeterThread: No operation pending
2022-06-09 22:35:18,223 WARN o.a.j.p.h.s.HTTPSamplerBase: Interrupted fetching embedded resources
java.lang.InterruptedException: null
	at java.util.concurrent.locks.AbstractQueuedSynchronizer$ConditionObject.reportInterruptAfterWait(AbstractQueuedSynchronizer.java:2056) ~[?:?]
	at java.util.concurrent.locks.AbstractQueuedSynchronizer$ConditionObject.await(AbstractQueuedSynchronizer.java:2090) ~[?:?]
	at java.util.concurrent.LinkedBlockingQueue.take(LinkedBlockingQueue.java:433) ~[?:?]
	at java.util.concurrent.ExecutorCompletionService.take(ExecutorCompletionService.java:200) ~[?:?]
	at org.apache.jmeter.protocol.http.sampler.ResourcesDownloader.invokeAllAndAwaitTermination(ResourcesDownloader.java:192) ~[ApacheJMeter_http.jar:5.4.3]
	at org.apache.jmeter.protocol.http.sampler.HTTPSamplerBase.downloadPageResources(HTTPSamplerBase.java:1466) [ApacheJMeter_http.jar:5.4.3]
	at org.apache.jmeter.protocol.http.sampler.HTTPSamplerBase.resultProcessing(HTTPSamplerBase.java:1779) [ApacheJMeter_http.jar:5.4.3]
	at org.apache.jmeter.protocol.http.sampler.HTTPAbstractImpl.resultProcessing(HTTPAbstractImpl.java:555) [ApacheJMeter_http.jar:5.4.3]
	at org.apache.jmeter.protocol.http.sampler.HTTPHC4Impl.sample(HTTPHC4Impl.java:733) [ApacheJMeter_http.jar:5.4.3]
	at org.apache.jmeter.protocol.http.sampler.HTTPSamplerProxy.sample(HTTPSamplerProxy.java:66) [ApacheJMeter_http.jar:5.4.3]
	at org.apache.jmeter.protocol.http.sampler.HTTPSamplerBase.sample(HTTPSamplerBase.java:1296) [ApacheJMeter_http.jar:5.4.3]
	at org.apache.jmeter.protocol.http.sampler.HTTPSamplerBase.sample(HTTPSamplerBase.java:1285) [ApacheJMeter_http.jar:5.4.3]
	at org.apache.jmeter.threads.JMeterThread.doSampling(JMeterThread.java:638) [ApacheJMeter_core.jar:5.4.3]
	at org.apache.jmeter.threads.JMeterThread.executeSamplePackage(JMeterThread.java:558) [ApacheJMeter_core.jar:5.4.3]
	at org.apache.jmeter.threads.JMeterThread.processSampler(JMeterThread.java:489) [ApacheJMeter_core.jar:5.4.3]
	at org.apache.jmeter.threads.JMeterThread.run(JMeterThread.java:256) [ApacheJMeter_core.jar:5.4.3]
	at java.lang.Thread.run(Thread.java:834) [?:?]
2022-06-09 22:35:18,226 INFO o.a.j.t.JMeterThread: Thread finished: setUp Thread Group (Warm UP) 1-1
2022-06-09 22:35:18,228 INFO o.a.j.e.StandardJMeterEngine: All Setup Threads have ended
2022-06-09 22:35:18,349 INFO o.a.j.e.StandardJMeterEngine: No enabled thread groups found
2022-06-09 22:35:18,349 INFO o.a.j.e.StandardJMeterEngine: Notifying test listeners of end of test
2022-06-09 22:35:18,349 INFO o.a.j.s.FileServer: Close: Credentials.csv
2022-06-09 22:35:18,350 INFO o.a.j.g.u.JMeterMenuBar: setRunning(false, *local*)
2022-06-09 22:35:23,302 INFO o.a.j.e.StandardJMeterEngine: Running the test!
2022-06-09 22:35:23,303 INFO o.a.j.s.SampleEvent: List of sample_variables: []
2022-06-09 22:35:23,305 INFO c.b.c.RandomCSVReader: Start reading the file: C:\Users\Vladyslav_Kliucharov\Git\Performace Test Mentoring\Task5\RandomDates.csv
2022-06-09 22:35:23,305 INFO c.b.c.RandomCSVReader: Reading finished. Found 10 records in your csv file
2022-06-09 22:35:23,306 INFO o.a.j.g.u.JMeterMenuBar: setRunning(true, *local*)
2022-06-09 22:35:23,390 INFO o.a.j.e.StandardJMeterEngine: Starting ThreadGroup: 1 : Thread Group
2022-06-09 22:35:23,390 INFO o.a.j.e.StandardJMeterEngine: Starting 1 threads for group Thread Group.
2022-06-09 22:35:23,390 INFO o.a.j.e.StandardJMeterEngine: Thread will continue on error
2022-06-09 22:35:23,391 INFO o.a.j.t.ThreadGroup: Starting thread group... number=1 threads=1 ramp-up=5 delayedStart=false
2022-06-09 22:35:23,392 INFO o.a.j.t.ThreadGroup: Started thread group number 1
2022-06-09 22:35:23,392 INFO o.a.j.e.StandardJMeterEngine: All thread groups have been started
2022-06-09 22:35:23,395 INFO o.a.j.t.JMeterThread: Thread started: Thread Group 1-1
2022-06-09 22:35:23,396 INFO o.a.j.s.FileServer: Stored: Credentials.csv
2022-06-09 22:35:32,079 INFO o.a.j.t.JMeterThread: Thread finished: Thread Group 1-1
2022-06-09 22:35:32,080 INFO o.a.j.e.StandardJMeterEngine: Notifying test listeners of end of test
2022-06-09 22:35:32,081 INFO o.a.j.s.FileServer: Close: Credentials.csv
2022-06-09 22:35:32,081 INFO o.a.j.g.u.JMeterMenuBar: setRunning(false, *local*)
2022-06-09 22:36:11,021 INFO o.a.j.g.a.Load: Merging file: C:\Users\Vladyslav_Kliucharov\Git\Performace Test Mentoring\Task3\Blog_Post_Anonimus.jmx
2022-06-09 22:36:11,021 INFO o.a.j.s.SaveService: Loading file: C:\Users\Vladyslav_Kliucharov\Git\Performace Test Mentoring\Task3\Blog_Post_Anonimus.jmx
2022-06-09 22:36:11,093 INFO o.a.j.v.ViewResultsFullVisualizer: Add JavaFX to your Java installation if you want to use renderer: org.apache.jmeter.visualizers.RenderInBrowser
2022-06-09 22:39:35,444 INFO o.a.j.e.StandardJMeterEngine: Running the test!
2022-06-09 22:39:35,445 INFO o.a.j.s.SampleEvent: List of sample_variables: []
2022-06-09 22:39:35,447 INFO c.b.c.RandomCSVReader: Start reading the file: C:\Users\Vladyslav_Kliucharov\Git\Performace Test Mentoring\Task5\RandomDates.csv
2022-06-09 22:39:35,448 INFO c.b.c.RandomCSVReader: Reading finished. Found 10 records in your csv file
2022-06-09 22:39:35,448 INFO o.a.j.g.u.JMeterMenuBar: setRunning(true, *local*)
2022-06-09 22:39:35,530 INFO o.a.j.e.StandardJMeterEngine: Starting ThreadGroup: 1 : Thread Group
2022-06-09 22:39:35,530 INFO o.a.j.e.StandardJMeterEngine: Starting 1 threads for group Thread Group.
2022-06-09 22:39:35,530 INFO o.a.j.e.StandardJMeterEngine: Thread will continue on error
2022-06-09 22:39:35,530 INFO o.a.j.t.ThreadGroup: Starting thread group... number=1 threads=1 ramp-up=5 delayedStart=false
2022-06-09 22:39:35,531 INFO o.a.j.t.ThreadGroup: Started thread group number 1
2022-06-09 22:39:35,531 INFO o.a.j.e.StandardJMeterEngine: All thread groups have been started
2022-06-09 22:39:35,533 INFO o.a.j.t.JMeterThread: Thread started: Thread Group 1-1
2022-06-09 22:39:35,535 INFO o.a.j.s.FileServer: Stored: Credentials.csv
2022-06-09 22:39:44,106 INFO o.a.j.t.JMeterThread: Thread finished: Thread Group 1-1
2022-06-09 22:39:44,108 INFO o.a.j.e.StandardJMeterEngine: Notifying test listeners of end of test
2022-06-09 22:39:44,108 INFO o.a.j.s.FileServer: Close: Credentials.csv
2022-06-09 22:39:44,108 INFO o.a.j.g.u.JMeterMenuBar: setRunning(false, *local*)
2022-06-09 22:40:56,648 INFO o.a.j.e.StandardJMeterEngine: Running the test!
2022-06-09 22:40:56,648 INFO o.a.j.s.SampleEvent: List of sample_variables: []
2022-06-09 22:40:56,651 INFO c.b.c.RandomCSVReader: Start reading the file: C:\Users\Vladyslav_Kliucharov\Git\Performace Test Mentoring\Task5\RandomDates.csv
2022-06-09 22:40:56,651 INFO c.b.c.RandomCSVReader: Reading finished. Found 10 records in your csv file
2022-06-09 22:40:56,651 INFO o.a.j.g.u.JMeterMenuBar: setRunning(true, *local*)
2022-06-09 22:40:56,724 INFO o.a.j.e.StandardJMeterEngine: Starting ThreadGroup: 1 : Thread Group
2022-06-09 22:40:56,725 INFO o.a.j.e.StandardJMeterEngine: Starting 1 threads for group Thread Group.
2022-06-09 22:40:56,725 INFO o.a.j.e.StandardJMeterEngine: Thread will continue on error
2022-06-09 22:40:56,725 INFO o.a.j.t.ThreadGroup: Starting thread group... number=1 threads=1 ramp-up=5 delayedStart=false
2022-06-09 22:40:56,726 INFO o.a.j.t.ThreadGroup: Started thread group number 1
2022-06-09 22:40:56,726 INFO o.a.j.e.StandardJMeterEngine: All thread groups have been started
2022-06-09 22:40:56,727 INFO o.a.j.t.JMeterThread: Thread started: Thread Group 1-1
2022-06-09 22:40:56,728 INFO o.a.j.s.FileServer: Stored: Credentials.csv
2022-06-09 22:41:05,576 INFO o.a.j.t.JMeterThread: Thread finished: Thread Group 1-1
2022-06-09 22:41:05,577 INFO o.a.j.e.StandardJMeterEngine: Notifying test listeners of end of test
2022-06-09 22:41:05,577 INFO o.a.j.s.FileServer: Close: Credentials.csv
2022-06-09 22:41:05,577 INFO o.a.j.g.u.JMeterMenuBar: setRunning(false, *local*)
2022-06-09 22:42:46,289 INFO o.a.j.e.StandardJMeterEngine: Running the test!
2022-06-09 22:42:46,290 INFO o.a.j.s.SampleEvent: List of sample_variables: []
2022-06-09 22:42:46,291 INFO c.b.c.RandomCSVReader: Start reading the file: C:\Users\Vladyslav_Kliucharov\Git\Performace Test Mentoring\Task5\RandomDates.csv
2022-06-09 22:42:46,292 INFO c.b.c.RandomCSVReader: Reading finished. Found 10 records in your csv file
2022-06-09 22:42:46,292 INFO o.a.j.g.u.JMeterMenuBar: setRunning(true, *local*)
2022-06-09 22:42:46,366 INFO o.a.j.e.StandardJMeterEngine: Starting ThreadGroup: 1 : Thread Group
2022-06-09 22:42:46,366 INFO o.a.j.e.StandardJMeterEngine: Starting 1 threads for group Thread Group.
2022-06-09 22:42:46,366 INFO o.a.j.e.StandardJMeterEngine: Thread will continue on error
2022-06-09 22:42:46,366 INFO o.a.j.t.ThreadGroup: Starting thread group... number=1 threads=1 ramp-up=5 delayedStart=false
2022-06-09 22:42:46,368 INFO o.a.j.t.ThreadGroup: Started thread group number 1
2022-06-09 22:42:46,368 INFO o.a.j.e.StandardJMeterEngine: All thread groups have been started
2022-06-09 22:42:46,369 INFO o.a.j.t.JMeterThread: Thread started: Thread Group 1-1
2022-06-09 22:42:46,370 INFO o.a.j.s.FileServer: Stored: Credentials.csv
2022-06-09 22:42:55,287 INFO o.a.j.t.JMeterThread: Thread finished: Thread Group 1-1
2022-06-09 22:42:55,289 INFO o.a.j.e.StandardJMeterEngine: Notifying test listeners of end of test
2022-06-09 22:42:55,289 INFO o.a.j.s.FileServer: Close: Credentials.csv
2022-06-09 22:42:55,290 INFO o.a.j.g.u.JMeterMenuBar: setRunning(false, *local*)
2022-06-09 22:43:27,542 INFO o.a.j.e.StandardJMeterEngine: Running the test!
2022-06-09 22:43:27,543 INFO o.a.j.s.SampleEvent: List of sample_variables: []
2022-06-09 22:43:27,544 INFO c.b.c.RandomCSVReader: Start reading the file: C:\Users\Vladyslav_Kliucharov\Git\Performace Test Mentoring\Task5\RandomDates.csv
2022-06-09 22:43:27,544 INFO c.b.c.RandomCSVReader: Reading finished. Found 10 records in your csv file
2022-06-09 22:43:27,545 INFO o.a.j.g.u.JMeterMenuBar: setRunning(true, *local*)
2022-06-09 22:43:27,624 INFO o.a.j.e.StandardJMeterEngine: Starting ThreadGroup: 1 : Thread Group
2022-06-09 22:43:27,624 INFO o.a.j.e.StandardJMeterEngine: Starting 1 threads for group Thread Group.
2022-06-09 22:43:27,624 INFO o.a.j.e.StandardJMeterEngine: Thread will continue on error
2022-06-09 22:43:27,624 INFO o.a.j.t.ThreadGroup: Starting thread group... number=1 threads=1 ramp-up=5 delayedStart=false
2022-06-09 22:43:27,624 INFO o.a.j.t.ThreadGroup: Started thread group number 1
2022-06-09 22:43:27,624 INFO o.a.j.e.StandardJMeterEngine: All thread groups have been started
2022-06-09 22:43:27,626 INFO o.a.j.t.JMeterThread: Thread started: Thread Group 1-1
2022-06-09 22:43:27,626 INFO o.a.j.s.FileServer: Stored: Credentials.csv
2022-06-09 22:43:36,229 INFO o.a.j.t.JMeterThread: Thread finished: Thread Group 1-1
2022-06-09 22:43:36,231 INFO o.a.j.e.StandardJMeterEngine: Notifying test listeners of end of test
2022-06-09 22:43:36,231 INFO o.a.j.s.FileServer: Close: Credentials.csv
2022-06-09 22:43:36,232 INFO o.a.j.g.u.JMeterMenuBar: setRunning(false, *local*)
2022-06-09 22:50:45,867 INFO o.a.j.g.a.Load: Loading file: C:\Users\Vladyslav_Kliucharov\Git\Performace Test Mentoring\Task4\Admin_User_Scenario.jmx
2022-06-09 22:50:45,867 INFO o.a.j.s.FileServer: Set new base='C:\Users\Vladyslav_Kliucharov\Git\Performace Test Mentoring\Task4'
2022-06-09 22:50:45,867 INFO o.a.j.s.SaveService: Loading file: C:\Users\Vladyslav_Kliucharov\Git\Performace Test Mentoring\Task4\Admin_User_Scenario.jmx
2022-06-09 22:50:45,955 INFO o.a.j.v.ViewResultsFullVisualizer: Add JavaFX to your Java installation if you want to use renderer: org.apache.jmeter.visualizers.RenderInBrowser
2022-06-09 22:50:46,004 INFO o.a.j.s.FileServer: Set new base='C:\Users\Vladyslav_Kliucharov\Git\Performace Test Mentoring\Task4'
2022-06-09 22:55:58,767 INFO o.a.j.e.StandardJMeterEngine: Running the test!
2022-06-09 22:55:58,768 INFO o.a.j.s.SampleEvent: List of sample_variables: []
2022-06-09 22:55:58,840 INFO o.a.j.g.u.JMeterMenuBar: setRunning(true, *local*)
2022-06-09 22:55:58,914 INFO o.a.j.e.StandardJMeterEngine: Starting ThreadGroup: 1 : Thread Group
2022-06-09 22:55:58,915 INFO o.a.j.e.StandardJMeterEngine: Starting 1 threads for group Thread Group.
2022-06-09 22:55:58,915 INFO o.a.j.e.StandardJMeterEngine: Thread will continue on error
2022-06-09 22:55:58,915 INFO o.a.j.t.ThreadGroup: Starting thread group... number=1 threads=1 ramp-up=200 delayedStart=false
2022-06-09 22:55:58,916 INFO o.a.j.t.ThreadGroup: Started thread group number 1
2022-06-09 22:55:58,916 INFO o.a.j.e.StandardJMeterEngine: All thread groups have been started
2022-06-09 22:55:58,918 INFO o.a.j.t.JMeterThread: Thread started: Thread Group 1-1
2022-06-09 22:55:58,918 INFO o.a.j.s.FileServer: Stored: Credentials.csv
2022-06-09 22:56:18,832 INFO o.a.j.g.a.Start: Stopping test
2022-06-09 22:56:18,841 INFO o.a.j.t.JMeterThread: Stopping: Thread Group 1-1
2022-06-09 22:56:18,842 WARN o.a.j.t.JMeterThread: The delay timer was interrupted - probably did not wait as long as intended.
2022-06-09 22:56:18,842 INFO o.a.j.t.JMeterThread: Thread finished: Thread Group 1-1
2022-06-09 22:56:18,843 INFO o.a.j.e.StandardJMeterEngine: Notifying test listeners of end of test
2022-06-09 22:56:18,843 INFO o.a.j.s.FileServer: Close: Credentials.csv
2022-06-09 22:56:18,844 INFO o.a.j.g.u.JMeterMenuBar: setRunning(false, *local*)
2022-06-09 22:56:45,242 INFO o.a.j.e.StandardJMeterEngine: Running the test!
2022-06-09 22:56:45,243 INFO o.a.j.s.SampleEvent: List of sample_variables: []
2022-06-09 22:56:45,246 INFO o.a.j.g.u.JMeterMenuBar: setRunning(true, *local*)
2022-06-09 22:56:45,323 INFO o.a.j.e.StandardJMeterEngine: Starting ThreadGroup: 1 : Thread Group
2022-06-09 22:56:45,323 INFO o.a.j.e.StandardJMeterEngine: Starting 1 threads for group Thread Group.
2022-06-09 22:56:45,323 INFO o.a.j.e.StandardJMeterEngine: Thread will continue on error
2022-06-09 22:56:45,323 INFO o.a.j.t.ThreadGroup: Starting thread group... number=1 threads=1 ramp-up=200 delayedStart=false
2022-06-09 22:56:45,326 INFO o.a.j.t.ThreadGroup: Started thread group number 1
2022-06-09 22:56:45,326 INFO o.a.j.e.StandardJMeterEngine: All thread groups have been started
2022-06-09 22:56:45,327 INFO o.a.j.t.JMeterThread: Thread started: Thread Group 1-1
2022-06-09 22:56:45,328 INFO o.a.j.s.FileServer: Stored: Credentials.csv
2022-06-09 22:57:07,028 INFO o.a.j.g.a.Start: Stopping test
2022-06-09 22:57:07,035 INFO o.a.j.t.JMeterThread: Stopping: Thread Group 1-1
2022-06-09 22:57:07,036 WARN o.a.j.t.JMeterThread: The delay timer was interrupted - probably did not wait as long as intended.
2022-06-09 22:57:07,037 INFO o.a.j.t.JMeterThread: Thread finished: Thread Group 1-1
2022-06-09 22:57:07,038 INFO o.a.j.e.StandardJMeterEngine: Notifying test listeners of end of test
2022-06-09 22:57:07,038 INFO o.a.j.s.FileServer: Close: Credentials.csv
2022-06-09 22:57:07,038 INFO o.a.j.g.u.JMeterMenuBar: setRunning(false, *local*)
